{
  "/Users/km/dev/prv/mini-dev/sandcrusher-web/src/lib/assets.ts": {
    "path": "/Users/km/dev/prv/mini-dev/sandcrusher-web/src/lib/assets.ts",
    "all": false,
    "statementMap": {
      "0": {
        "start": { "line": 1, "column": 0 },
        "end": { "line": 1, "column": 32 }
      },
      "1": {
        "start": { "line": 2, "column": 0 },
        "end": { "line": 2, "column": 0 }
      },
      "2": {
        "start": { "line": 3, "column": 0 },
        "end": { "line": 3, "column": 21 }
      },
      "3": {
        "start": { "line": 4, "column": 0 },
        "end": { "line": 4, "column": 42 }
      },
      "4": {
        "start": { "line": 5, "column": 0 },
        "end": { "line": 5, "column": 41 }
      },
      "5": {
        "start": { "line": 6, "column": 0 },
        "end": { "line": 6, "column": 0 }
      },
      "6": {
        "start": { "line": 7, "column": 0 },
        "end": { "line": 7, "column": 17 }
      },
      "7": {
        "start": { "line": 8, "column": 0 },
        "end": { "line": 8, "column": 20 }
      },
      "8": {
        "start": { "line": 9, "column": 0 },
        "end": { "line": 9, "column": 19 }
      },
      "9": {
        "start": { "line": 10, "column": 0 },
        "end": { "line": 10, "column": 3 }
      },
      "10": {
        "start": { "line": 11, "column": 0 },
        "end": { "line": 11, "column": 0 }
      },
      "11": {
        "start": { "line": 12, "column": 0 },
        "end": { "line": 12, "column": 41 }
      },
      "12": {
        "start": { "line": 13, "column": 0 },
        "end": { "line": 13, "column": 62 }
      },
      "13": {
        "start": { "line": 14, "column": 0 },
        "end": { "line": 14, "column": 3 }
      },
      "14": {
        "start": { "line": 15, "column": 0 },
        "end": { "line": 15, "column": 0 }
      },
      "15": {
        "start": { "line": 16, "column": 0 },
        "end": { "line": 16, "column": 40 }
      },
      "16": {
        "start": { "line": 17, "column": 0 },
        "end": { "line": 17, "column": 63 }
      },
      "17": {
        "start": { "line": 18, "column": 0 },
        "end": { "line": 18, "column": 65 }
      },
      "18": {
        "start": { "line": 19, "column": 0 },
        "end": { "line": 19, "column": 67 }
      },
      "19": {
        "start": { "line": 20, "column": 0 },
        "end": { "line": 20, "column": 69 }
      },
      "20": {
        "start": { "line": 21, "column": 0 },
        "end": { "line": 21, "column": 69 }
      },
      "21": {
        "start": { "line": 22, "column": 0 },
        "end": { "line": 22, "column": 3 }
      },
      "22": {
        "start": { "line": 23, "column": 0 },
        "end": { "line": 23, "column": 0 }
      },
      "23": {
        "start": { "line": 24, "column": 0 },
        "end": { "line": 24, "column": 46 }
      },
      "24": {
        "start": { "line": 25, "column": 0 },
        "end": { "line": 25, "column": 66 }
      },
      "25": {
        "start": { "line": 26, "column": 0 },
        "end": { "line": 26, "column": 28 }
      },
      "26": {
        "start": { "line": 27, "column": 0 },
        "end": { "line": 27, "column": 3 }
      },
      "27": {
        "start": { "line": 28, "column": 0 },
        "end": { "line": 28, "column": 0 }
      },
      "28": {
        "start": { "line": 29, "column": 0 },
        "end": { "line": 29, "column": 45 }
      },
      "29": {
        "start": { "line": 30, "column": 0 },
        "end": { "line": 30, "column": 65 }
      },
      "30": {
        "start": { "line": 31, "column": 0 },
        "end": { "line": 31, "column": 27 }
      },
      "31": {
        "start": { "line": 32, "column": 0 },
        "end": { "line": 32, "column": 3 }
      },
      "32": {
        "start": { "line": 33, "column": 0 },
        "end": { "line": 33, "column": 1 }
      }
    },
    "s": {
      "0": 1,
      "1": 1,
      "2": 1,
      "3": 1,
      "4": 1,
      "5": 1,
      "6": 1,
      "7": 1,
      "8": 1,
      "9": 1,
      "10": 1,
      "11": 1,
      "12": 1,
      "13": 1,
      "14": 1,
      "15": 1,
      "16": 1,
      "17": 1,
      "18": 1,
      "19": 1,
      "20": 1,
      "21": 1,
      "22": 1,
      "23": 1,
      "24": 1,
      "25": 1,
      "26": 1,
      "27": 1,
      "28": 1,
      "29": 15,
      "30": 15,
      "31": 15,
      "32": 1
    },
    "branchMap": {
      "0": {
        "type": "branch",
        "line": 4,
        "loc": {
          "start": { "line": 4, "column": 2 },
          "end": { "line": 5, "column": 41 }
        },
        "locations": [
          {
            "start": { "line": 4, "column": 2 },
            "end": { "line": 5, "column": 41 }
          }
        ]
      },
      "1": {
        "type": "branch",
        "line": 7,
        "loc": {
          "start": { "line": 7, "column": 2 },
          "end": { "line": 10, "column": 3 }
        },
        "locations": [
          {
            "start": { "line": 7, "column": 2 },
            "end": { "line": 10, "column": 3 }
          }
        ]
      },
      "2": {
        "type": "branch",
        "line": 12,
        "loc": {
          "start": { "line": 12, "column": 2 },
          "end": { "line": 14, "column": 3 }
        },
        "locations": [
          {
            "start": { "line": 12, "column": 2 },
            "end": { "line": 14, "column": 3 }
          }
        ]
      },
      "3": {
        "type": "branch",
        "line": 16,
        "loc": {
          "start": { "line": 16, "column": 2 },
          "end": { "line": 22, "column": 3 }
        },
        "locations": [
          {
            "start": { "line": 16, "column": 2 },
            "end": { "line": 22, "column": 3 }
          }
        ]
      },
      "4": {
        "type": "branch",
        "line": 24,
        "loc": {
          "start": { "line": 24, "column": 2 },
          "end": { "line": 27, "column": 3 }
        },
        "locations": [
          {
            "start": { "line": 24, "column": 2 },
            "end": { "line": 27, "column": 3 }
          }
        ]
      },
      "5": {
        "type": "branch",
        "line": 29,
        "loc": {
          "start": { "line": 29, "column": 2 },
          "end": { "line": 32, "column": 3 }
        },
        "locations": [
          {
            "start": { "line": 29, "column": 2 },
            "end": { "line": 32, "column": 3 }
          }
        ]
      },
      "6": {
        "type": "branch",
        "line": 33,
        "loc": {
          "start": { "line": 33, "column": 0 },
          "end": { "line": 33, "column": 1 }
        },
        "locations": [
          {
            "start": { "line": 33, "column": 0 },
            "end": { "line": 33, "column": 1 }
          }
        ]
      }
    },
    "b": {
      "0": [1],
      "1": [1],
      "2": [1],
      "3": [1],
      "4": [1],
      "5": [15],
      "6": [1]
    },
    "fnMap": {
      "0": {
        "name": "<instance_members_initializer>",
        "decl": {
          "start": { "line": 4, "column": 2 },
          "end": { "line": 5, "column": 41 }
        },
        "loc": {
          "start": { "line": 4, "column": 2 },
          "end": { "line": 5, "column": 41 }
        },
        "line": 4
      },
      "1": {
        "name": "Assets",
        "decl": {
          "start": { "line": 7, "column": 2 },
          "end": { "line": 10, "column": 3 }
        },
        "loc": {
          "start": { "line": 7, "column": 2 },
          "end": { "line": 10, "column": 3 }
        },
        "line": 7
      },
      "2": {
        "name": "loadTileAssets",
        "decl": {
          "start": { "line": 12, "column": 2 },
          "end": { "line": 14, "column": 3 }
        },
        "loc": {
          "start": { "line": 12, "column": 2 },
          "end": { "line": 14, "column": 3 }
        },
        "line": 12
      },
      "3": {
        "name": "loadGemAssets",
        "decl": {
          "start": { "line": 16, "column": 2 },
          "end": { "line": 22, "column": 3 }
        },
        "loc": {
          "start": { "line": 16, "column": 2 },
          "end": { "line": 22, "column": 3 }
        },
        "line": 16
      },
      "4": {
        "name": "getTileTexture",
        "decl": {
          "start": { "line": 24, "column": 2 },
          "end": { "line": 27, "column": 3 }
        },
        "loc": {
          "start": { "line": 24, "column": 2 },
          "end": { "line": 27, "column": 3 }
        },
        "line": 24
      },
      "5": {
        "name": "getGemTexture",
        "decl": {
          "start": { "line": 29, "column": 2 },
          "end": { "line": 32, "column": 3 }
        },
        "loc": {
          "start": { "line": 29, "column": 2 },
          "end": { "line": 32, "column": 3 }
        },
        "line": 29
      },
      "6": {
        "name": "get",
        "decl": {
          "start": { "line": 33, "column": 0 },
          "end": { "line": 33, "column": 1 }
        },
        "loc": {
          "start": { "line": 33, "column": 0 },
          "end": { "line": 33, "column": 1 }
        },
        "line": 33
      }
    },
    "f": { "0": 1, "1": 1, "2": 1, "3": 1, "4": 1, "5": 15, "6": 1 }
  },
  "/Users/km/dev/prv/mini-dev/sandcrusher-web/src/lib/board.ts": {
    "path": "/Users/km/dev/prv/mini-dev/sandcrusher-web/src/lib/board.ts",
    "all": false,
    "statementMap": {
      "0": {
        "start": { "line": 1, "column": 0 },
        "end": { "line": 1, "column": 32 }
      },
      "1": {
        "start": { "line": 2, "column": 0 },
        "end": { "line": 2, "column": 32 }
      },
      "2": {
        "start": { "line": 3, "column": 0 },
        "end": { "line": 3, "column": 30 }
      },
      "3": {
        "start": { "line": 4, "column": 0 },
        "end": { "line": 4, "column": 0 }
      },
      "4": {
        "start": { "line": 5, "column": 0 },
        "end": { "line": 5, "column": 20 }
      },
      "5": {
        "start": { "line": 6, "column": 0 },
        "end": { "line": 6, "column": 18 }
      },
      "6": {
        "start": { "line": 7, "column": 0 },
        "end": { "line": 7, "column": 15 }
      },
      "7": {
        "start": { "line": 8, "column": 0 },
        "end": { "line": 8, "column": 16 }
      },
      "8": {
        "start": { "line": 9, "column": 0 },
        "end": { "line": 9, "column": 0 }
      },
      "9": {
        "start": { "line": 10, "column": 0 },
        "end": { "line": 10, "column": 46 }
      },
      "10": {
        "start": { "line": 11, "column": 0 },
        "end": { "line": 11, "column": 27 }
      },
      "11": {
        "start": { "line": 12, "column": 0 },
        "end": { "line": 12, "column": 21 }
      },
      "12": {
        "start": { "line": 13, "column": 0 },
        "end": { "line": 13, "column": 20 }
      },
      "13": {
        "start": { "line": 14, "column": 0 },
        "end": { "line": 14, "column": 3 }
      },
      "14": {
        "start": { "line": 15, "column": 0 },
        "end": { "line": 15, "column": 0 }
      },
      "15": {
        "start": { "line": 16, "column": 0 },
        "end": { "line": 16, "column": 48 }
      },
      "16": {
        "start": { "line": 17, "column": 0 },
        "end": { "line": 17, "column": 52 }
      },
      "17": {
        "start": { "line": 18, "column": 0 },
        "end": { "line": 18, "column": 17 }
      },
      "18": {
        "start": { "line": 19, "column": 0 },
        "end": { "line": 19, "column": 47 }
      },
      "19": {
        "start": { "line": 20, "column": 0 },
        "end": { "line": 20, "column": 3 }
      },
      "20": {
        "start": { "line": 21, "column": 0 },
        "end": { "line": 21, "column": 0 }
      },
      "21": {
        "start": { "line": 22, "column": 0 },
        "end": { "line": 22, "column": 52 }
      },
      "22": {
        "start": { "line": 23, "column": 0 },
        "end": { "line": 23, "column": 39 }
      },
      "23": {
        "start": { "line": 24, "column": 0 },
        "end": { "line": 24, "column": 37 }
      },
      "24": {
        "start": { "line": 25, "column": 0 },
        "end": { "line": 25, "column": 0 }
      },
      "25": {
        "start": { "line": 26, "column": 0 },
        "end": { "line": 26, "column": 34 }
      },
      "26": {
        "start": { "line": 27, "column": 0 },
        "end": { "line": 27, "column": 61 }
      },
      "27": {
        "start": { "line": 28, "column": 0 },
        "end": { "line": 28, "column": 71 }
      },
      "28": {
        "start": { "line": 29, "column": 0 },
        "end": { "line": 29, "column": 55 }
      },
      "29": {
        "start": { "line": 30, "column": 0 },
        "end": { "line": 30, "column": 29 }
      },
      "30": {
        "start": { "line": 31, "column": 0 },
        "end": { "line": 31, "column": 7 }
      },
      "31": {
        "start": { "line": 32, "column": 0 },
        "end": { "line": 32, "column": 3 }
      },
      "32": {
        "start": { "line": 33, "column": 0 },
        "end": { "line": 33, "column": 0 }
      },
      "33": {
        "start": { "line": 34, "column": 0 },
        "end": { "line": 34, "column": 22 }
      },
      "34": {
        "start": { "line": 35, "column": 0 },
        "end": { "line": 35, "column": 22 }
      },
      "35": {
        "start": { "line": 36, "column": 0 },
        "end": { "line": 36, "column": 3 }
      },
      "36": {
        "start": { "line": 37, "column": 0 },
        "end": { "line": 37, "column": 0 }
      },
      "37": {
        "start": { "line": 38, "column": 0 },
        "end": { "line": 38, "column": 27 }
      },
      "38": {
        "start": { "line": 39, "column": 0 },
        "end": { "line": 39, "column": 63 }
      },
      "39": {
        "start": { "line": 40, "column": 0 },
        "end": { "line": 40, "column": 3 }
      },
      "40": {
        "start": { "line": 41, "column": 0 },
        "end": { "line": 41, "column": 0 }
      },
      "41": {
        "start": { "line": 42, "column": 0 },
        "end": { "line": 42, "column": 34 }
      },
      "42": {
        "start": { "line": 43, "column": 0 },
        "end": { "line": 43, "column": 61 }
      },
      "43": {
        "start": { "line": 44, "column": 0 },
        "end": { "line": 44, "column": 36 }
      },
      "44": {
        "start": { "line": 45, "column": 0 },
        "end": { "line": 45, "column": 0 }
      },
      "45": {
        "start": { "line": 46, "column": 0 },
        "end": { "line": 46, "column": 67 }
      },
      "46": {
        "start": { "line": 47, "column": 0 },
        "end": { "line": 47, "column": 42 }
      },
      "47": {
        "start": { "line": 48, "column": 0 },
        "end": { "line": 48, "column": 0 }
      },
      "48": {
        "start": { "line": 49, "column": 0 },
        "end": { "line": 49, "column": 34 }
      },
      "49": {
        "start": { "line": 50, "column": 0 },
        "end": { "line": 50, "column": 0 }
      },
      "50": {
        "start": { "line": 51, "column": 0 },
        "end": { "line": 51, "column": 21 }
      },
      "51": {
        "start": { "line": 52, "column": 0 },
        "end": { "line": 52, "column": 33 }
      },
      "52": {
        "start": { "line": 53, "column": 0 },
        "end": { "line": 53, "column": 29 }
      },
      "53": {
        "start": { "line": 54, "column": 0 },
        "end": { "line": 54, "column": 18 }
      },
      "54": {
        "start": { "line": 55, "column": 0 },
        "end": { "line": 55, "column": 14 }
      },
      "55": {
        "start": { "line": 56, "column": 0 },
        "end": { "line": 56, "column": 6 }
      },
      "56": {
        "start": { "line": 57, "column": 0 },
        "end": { "line": 57, "column": 0 }
      },
      "57": {
        "start": { "line": 58, "column": 0 },
        "end": { "line": 58, "column": 52 }
      },
      "58": {
        "start": { "line": 59, "column": 0 },
        "end": { "line": 59, "column": 43 }
      },
      "59": {
        "start": { "line": 60, "column": 0 },
        "end": { "line": 60, "column": 6 }
      },
      "60": {
        "start": { "line": 61, "column": 0 },
        "end": { "line": 61, "column": 0 }
      },
      "61": {
        "start": { "line": 62, "column": 0 },
        "end": { "line": 62, "column": 36 }
      },
      "62": {
        "start": { "line": 63, "column": 0 },
        "end": { "line": 63, "column": 3 }
      },
      "63": {
        "start": { "line": 64, "column": 0 },
        "end": { "line": 64, "column": 0 }
      },
      "64": {
        "start": { "line": 65, "column": 0 },
        "end": { "line": 65, "column": 61 }
      },
      "65": {
        "start": { "line": 66, "column": 0 },
        "end": { "line": 66, "column": 55 }
      },
      "66": {
        "start": { "line": 67, "column": 0 },
        "end": { "line": 67, "column": 23 }
      },
      "67": {
        "start": { "line": 68, "column": 0 },
        "end": { "line": 68, "column": 27 }
      },
      "68": {
        "start": { "line": 69, "column": 0 },
        "end": { "line": 69, "column": 31 }
      },
      "69": {
        "start": { "line": 70, "column": 0 },
        "end": { "line": 70, "column": 42 }
      },
      "70": {
        "start": { "line": 71, "column": 0 },
        "end": { "line": 71, "column": 46 }
      },
      "71": {
        "start": { "line": 72, "column": 0 },
        "end": { "line": 72, "column": 6 }
      },
      "72": {
        "start": { "line": 73, "column": 0 },
        "end": { "line": 73, "column": 0 }
      },
      "73": {
        "start": { "line": 74, "column": 0 },
        "end": { "line": 74, "column": 74 }
      },
      "74": {
        "start": { "line": 75, "column": 0 },
        "end": { "line": 75, "column": 0 }
      },
      "75": {
        "start": { "line": 76, "column": 0 },
        "end": { "line": 76, "column": 43 }
      },
      "76": {
        "start": { "line": 77, "column": 0 },
        "end": { "line": 77, "column": 3 }
      },
      "77": {
        "start": { "line": 78, "column": 0 },
        "end": { "line": 78, "column": 1 }
      }
    },
    "s": {
      "0": 1,
      "1": 1,
      "2": 1,
      "3": 1,
      "4": 1,
      "5": 1,
      "6": 5,
      "7": 5,
      "8": 1,
      "9": 1,
      "10": 5,
      "11": 5,
      "12": 5,
      "13": 5,
      "14": 1,
      "15": 1,
      "16": 5,
      "17": 5,
      "18": 5,
      "19": 5,
      "20": 1,
      "21": 1,
      "22": 4,
      "23": 4,
      "24": 4,
      "25": 4,
      "26": 200,
      "27": 200,
      "28": 200,
      "29": 200,
      "30": 4,
      "31": 4,
      "32": 1,
      "33": 1,
      "34": 2,
      "35": 2,
      "36": 1,
      "37": 1,
      "38": 3,
      "39": 3,
      "40": 1,
      "41": 1,
      "42": 21,
      "43": 21,
      "44": 21,
      "45": 21,
      "46": 21,
      "47": 20,
      "48": 20,
      "49": 20,
      "50": 20,
      "51": 20,
      "52": 20,
      "53": 20,
      "54": 20,
      "55": 20,
      "56": 20,
      "57": 20,
      "58": 80,
      "59": 20,
      "60": 20,
      "61": 20,
      "62": 21,
      "63": 1,
      "64": 1,
      "65": 80,
      "66": 80,
      "67": 80,
      "68": 80,
      "69": 80,
      "70": 80,
      "71": 80,
      "72": 80,
      "73": 80,
      "74": 80,
      "75": 80,
      "76": 80,
      "77": 5
    },
    "branchMap": {
      "0": {
        "type": "branch",
        "line": 6,
        "loc": {
          "start": { "line": 6, "column": 2 },
          "end": { "line": 8, "column": 16 }
        },
        "locations": [
          {
            "start": { "line": 6, "column": 2 },
            "end": { "line": 8, "column": 16 }
          }
        ]
      },
      "1": {
        "type": "branch",
        "line": 10,
        "loc": {
          "start": { "line": 10, "column": 2 },
          "end": { "line": 14, "column": 3 }
        },
        "locations": [
          {
            "start": { "line": 10, "column": 2 },
            "end": { "line": 14, "column": 3 }
          }
        ]
      },
      "2": {
        "type": "branch",
        "line": 16,
        "loc": {
          "start": { "line": 16, "column": 2 },
          "end": { "line": 20, "column": 3 }
        },
        "locations": [
          {
            "start": { "line": 16, "column": 2 },
            "end": { "line": 20, "column": 3 }
          }
        ]
      },
      "3": {
        "type": "branch",
        "line": 19,
        "loc": {
          "start": { "line": 19, "column": 11 },
          "end": { "line": 19, "column": 45 }
        },
        "locations": [
          {
            "start": { "line": 19, "column": 11 },
            "end": { "line": 19, "column": 45 }
          }
        ]
      },
      "4": {
        "type": "branch",
        "line": 22,
        "loc": {
          "start": { "line": 22, "column": 2 },
          "end": { "line": 32, "column": 3 }
        },
        "locations": [
          {
            "start": { "line": 22, "column": 2 },
            "end": { "line": 32, "column": 3 }
          }
        ]
      },
      "5": {
        "type": "branch",
        "line": 26,
        "loc": {
          "start": { "line": 26, "column": 23 },
          "end": { "line": 31, "column": 5 }
        },
        "locations": [
          {
            "start": { "line": 26, "column": 23 },
            "end": { "line": 31, "column": 5 }
          }
        ]
      },
      "6": {
        "type": "branch",
        "line": 34,
        "loc": {
          "start": { "line": 34, "column": 2 },
          "end": { "line": 36, "column": 3 }
        },
        "locations": [
          {
            "start": { "line": 34, "column": 2 },
            "end": { "line": 36, "column": 3 }
          }
        ]
      },
      "7": {
        "type": "branch",
        "line": 38,
        "loc": {
          "start": { "line": 38, "column": 2 },
          "end": { "line": 40, "column": 3 }
        },
        "locations": [
          {
            "start": { "line": 38, "column": 2 },
            "end": { "line": 40, "column": 3 }
          }
        ]
      },
      "8": {
        "type": "branch",
        "line": 39,
        "loc": {
          "start": { "line": 39, "column": 29 },
          "end": { "line": 39, "column": 61 }
        },
        "locations": [
          {
            "start": { "line": 39, "column": 29 },
            "end": { "line": 39, "column": 61 }
          }
        ]
      },
      "9": {
        "type": "branch",
        "line": 42,
        "loc": {
          "start": { "line": 42, "column": 2 },
          "end": { "line": 63, "column": 3 }
        },
        "locations": [
          {
            "start": { "line": 42, "column": 2 },
            "end": { "line": 63, "column": 3 }
          }
        ]
      },
      "10": {
        "type": "branch",
        "line": 47,
        "loc": {
          "start": { "line": 47, "column": 32 },
          "end": { "line": 47, "column": 42 }
        },
        "locations": [
          {
            "start": { "line": 47, "column": 32 },
            "end": { "line": 47, "column": 42 }
          }
        ]
      },
      "11": {
        "type": "branch",
        "line": 47,
        "loc": {
          "start": { "line": 47, "column": 40 },
          "end": { "line": 62, "column": 36 }
        },
        "locations": [
          {
            "start": { "line": 47, "column": 40 },
            "end": { "line": 62, "column": 36 }
          }
        ]
      },
      "12": {
        "type": "branch",
        "line": 58,
        "loc": {
          "start": { "line": 58, "column": 39 },
          "end": { "line": 59, "column": 43 }
        },
        "locations": [
          {
            "start": { "line": 58, "column": 39 },
            "end": { "line": 59, "column": 43 }
          }
        ]
      },
      "13": {
        "type": "branch",
        "line": 65,
        "loc": {
          "start": { "line": 65, "column": 10 },
          "end": { "line": 77, "column": 3 }
        },
        "locations": [
          {
            "start": { "line": 65, "column": 10 },
            "end": { "line": 77, "column": 3 }
          }
        ]
      },
      "14": {
        "type": "branch",
        "line": 76,
        "loc": {
          "start": { "line": 76, "column": 28 },
          "end": { "line": 76, "column": 40 }
        },
        "locations": [
          {
            "start": { "line": 76, "column": 28 },
            "end": { "line": 76, "column": 40 }
          }
        ]
      },
      "15": {
        "type": "branch",
        "line": 76,
        "loc": {
          "start": { "line": 76, "column": 32 },
          "end": { "line": 76, "column": 43 }
        },
        "locations": [
          {
            "start": { "line": 76, "column": 32 },
            "end": { "line": 76, "column": 43 }
          }
        ]
      },
      "16": {
        "type": "branch",
        "line": 74,
        "loc": {
          "start": { "line": 74, "column": 35 },
          "end": { "line": 74, "column": 72 }
        },
        "locations": [
          {
            "start": { "line": 74, "column": 35 },
            "end": { "line": 74, "column": 72 }
          }
        ]
      },
      "17": {
        "type": "branch",
        "line": 74,
        "loc": {
          "start": { "line": 74, "column": 45 },
          "end": { "line": 74, "column": 56 }
        },
        "locations": [
          {
            "start": { "line": 74, "column": 45 },
            "end": { "line": 74, "column": 56 }
          }
        ]
      },
      "18": {
        "type": "branch",
        "line": 74,
        "loc": {
          "start": { "line": 74, "column": 51 },
          "end": { "line": 74, "column": 65 }
        },
        "locations": [
          {
            "start": { "line": 74, "column": 51 },
            "end": { "line": 74, "column": 65 }
          }
        ]
      },
      "19": {
        "type": "branch",
        "line": 78,
        "loc": {
          "start": { "line": 78, "column": 0 },
          "end": { "line": 78, "column": 1 }
        },
        "locations": [
          {
            "start": { "line": 78, "column": 0 },
            "end": { "line": 78, "column": 1 }
          }
        ]
      }
    },
    "b": {
      "0": [5],
      "1": [5],
      "2": [5],
      "3": [500],
      "4": [4],
      "5": [200],
      "6": [2],
      "7": [3],
      "8": [300],
      "9": [21],
      "10": [1],
      "11": [20],
      "12": [80],
      "13": [80],
      "14": [4],
      "15": [76],
      "16": [320],
      "17": [280],
      "18": [125],
      "19": [5]
    },
    "fnMap": {
      "0": {
        "name": "<instance_members_initializer>",
        "decl": {
          "start": { "line": 6, "column": 2 },
          "end": { "line": 8, "column": 16 }
        },
        "loc": {
          "start": { "line": 6, "column": 2 },
          "end": { "line": 8, "column": 16 }
        },
        "line": 6
      },
      "1": {
        "name": "Board",
        "decl": {
          "start": { "line": 10, "column": 2 },
          "end": { "line": 14, "column": 3 }
        },
        "loc": {
          "start": { "line": 10, "column": 2 },
          "end": { "line": 14, "column": 3 }
        },
        "line": 10
      },
      "2": {
        "name": "createTiles",
        "decl": {
          "start": { "line": 16, "column": 2 },
          "end": { "line": 20, "column": 3 }
        },
        "loc": {
          "start": { "line": 16, "column": 2 },
          "end": { "line": 20, "column": 3 }
        },
        "line": 16
      },
      "3": {
        "name": "resizeTiles",
        "decl": {
          "start": { "line": 22, "column": 2 },
          "end": { "line": 32, "column": 3 }
        },
        "loc": {
          "start": { "line": 22, "column": 2 },
          "end": { "line": 32, "column": 3 }
        },
        "line": 22
      },
      "4": {
        "name": "getTiles",
        "decl": {
          "start": { "line": 34, "column": 2 },
          "end": { "line": 36, "column": 3 }
        },
        "loc": {
          "start": { "line": 34, "column": 2 },
          "end": { "line": 36, "column": 3 }
        },
        "line": 34
      },
      "5": {
        "name": "getEmptyTiles",
        "decl": {
          "start": { "line": 38, "column": 2 },
          "end": { "line": 40, "column": 3 }
        },
        "loc": {
          "start": { "line": 38, "column": 2 },
          "end": { "line": 40, "column": 3 }
        },
        "line": 38
      },
      "6": {
        "name": "getMatches",
        "decl": {
          "start": { "line": 42, "column": 2 },
          "end": { "line": 63, "column": 3 }
        },
        "loc": {
          "start": { "line": 42, "column": 2 },
          "end": { "line": 63, "column": 3 }
        },
        "line": 42
      },
      "7": {
        "name": "slidingWindow",
        "decl": {
          "start": { "line": 65, "column": 10 },
          "end": { "line": 77, "column": 3 }
        },
        "loc": {
          "start": { "line": 65, "column": 10 },
          "end": { "line": 77, "column": 3 }
        },
        "line": 65
      },
      "8": {
        "name": "get",
        "decl": {
          "start": { "line": 78, "column": 0 },
          "end": { "line": 78, "column": 1 }
        },
        "loc": {
          "start": { "line": 78, "column": 0 },
          "end": { "line": 78, "column": 1 }
        },
        "line": 78
      }
    },
    "f": {
      "0": 5,
      "1": 5,
      "2": 5,
      "3": 4,
      "4": 2,
      "5": 3,
      "6": 21,
      "7": 80,
      "8": 5
    }
  },
  "/Users/km/dev/prv/mini-dev/sandcrusher-web/src/lib/gem.ts": {
    "path": "/Users/km/dev/prv/mini-dev/sandcrusher-web/src/lib/gem.ts",
    "all": false,
    "statementMap": {
      "0": {
        "start": { "line": 1, "column": 0 },
        "end": { "line": 1, "column": 32 }
      },
      "1": {
        "start": { "line": 2, "column": 0 },
        "end": { "line": 2, "column": 38 }
      },
      "2": {
        "start": { "line": 3, "column": 0 },
        "end": { "line": 3, "column": 30 }
      },
      "3": {
        "start": { "line": 4, "column": 0 },
        "end": { "line": 4, "column": 0 }
      },
      "4": {
        "start": { "line": 5, "column": 0 },
        "end": { "line": 5, "column": 21 }
      },
      "5": {
        "start": { "line": 6, "column": 0 },
        "end": { "line": 6, "column": 14 }
      },
      "6": {
        "start": { "line": 7, "column": 0 },
        "end": { "line": 7, "column": 16 }
      },
      "7": {
        "start": { "line": 8, "column": 0 },
        "end": { "line": 8, "column": 18 }
      },
      "8": {
        "start": { "line": 9, "column": 0 },
        "end": { "line": 9, "column": 20 }
      },
      "9": {
        "start": { "line": 10, "column": 0 },
        "end": { "line": 10, "column": 20 }
      },
      "10": {
        "start": { "line": 11, "column": 0 },
        "end": { "line": 11, "column": 1 }
      },
      "11": {
        "start": { "line": 12, "column": 0 },
        "end": { "line": 12, "column": 0 }
      },
      "12": {
        "start": { "line": 13, "column": 0 },
        "end": { "line": 13, "column": 18 }
      },
      "13": {
        "start": { "line": 14, "column": 0 },
        "end": { "line": 14, "column": 22 }
      },
      "14": {
        "start": { "line": 15, "column": 0 },
        "end": { "line": 15, "column": 16 }
      },
      "15": {
        "start": { "line": 16, "column": 0 },
        "end": { "line": 16, "column": 16 }
      },
      "16": {
        "start": { "line": 17, "column": 0 },
        "end": { "line": 17, "column": 25 }
      },
      "17": {
        "start": { "line": 18, "column": 0 },
        "end": { "line": 18, "column": 0 }
      },
      "18": {
        "start": { "line": 19, "column": 0 },
        "end": { "line": 19, "column": 53 }
      },
      "19": {
        "start": { "line": 20, "column": 0 },
        "end": { "line": 20, "column": 43 }
      },
      "20": {
        "start": { "line": 21, "column": 0 },
        "end": { "line": 21, "column": 32 }
      },
      "21": {
        "start": { "line": 22, "column": 0 },
        "end": { "line": 22, "column": 21 }
      },
      "22": {
        "start": { "line": 23, "column": 0 },
        "end": { "line": 23, "column": 19 }
      },
      "23": {
        "start": { "line": 24, "column": 0 },
        "end": { "line": 24, "column": 26 }
      },
      "24": {
        "start": { "line": 25, "column": 0 },
        "end": { "line": 25, "column": 3 }
      },
      "25": {
        "start": { "line": 26, "column": 0 },
        "end": { "line": 26, "column": 0 }
      },
      "26": {
        "start": { "line": 27, "column": 0 },
        "end": { "line": 27, "column": 16 }
      },
      "27": {
        "start": { "line": 28, "column": 0 },
        "end": { "line": 28, "column": 26 }
      },
      "28": {
        "start": { "line": 29, "column": 0 },
        "end": { "line": 29, "column": 67 }
      },
      "29": {
        "start": { "line": 30, "column": 0 },
        "end": { "line": 30, "column": 3 }
      },
      "30": {
        "start": { "line": 31, "column": 0 },
        "end": { "line": 31, "column": 1 }
      }
    },
    "s": {
      "0": 1,
      "1": 1,
      "2": 1,
      "3": 1,
      "4": 1,
      "5": 1,
      "6": 1,
      "7": 1,
      "8": 1,
      "9": 1,
      "10": 1,
      "11": 1,
      "12": 1,
      "13": 1,
      "14": 18,
      "15": 18,
      "16": 18,
      "17": 1,
      "18": 1,
      "19": 18,
      "20": 18,
      "21": 18,
      "22": 18,
      "23": 18,
      "24": 18,
      "25": 1,
      "26": 1,
      "27": 15,
      "28": 15,
      "29": 15,
      "30": 18
    },
    "branchMap": {
      "0": {
        "type": "branch",
        "line": 5,
        "loc": {
          "start": { "line": 5, "column": 7 },
          "end": { "line": 5, "column": 21 }
        },
        "locations": [
          {
            "start": { "line": 5, "column": 7 },
            "end": { "line": 5, "column": 21 }
          }
        ]
      },
      "1": {
        "type": "branch",
        "line": 5,
        "loc": {
          "start": { "line": 5, "column": 12 },
          "end": { "line": 5, "column": 21 }
        },
        "locations": [
          {
            "start": { "line": 5, "column": 12 },
            "end": { "line": 5, "column": 21 }
          }
        ]
      },
      "2": {
        "type": "branch",
        "line": 14,
        "loc": {
          "start": { "line": 14, "column": 2 },
          "end": { "line": 17, "column": 25 }
        },
        "locations": [
          {
            "start": { "line": 14, "column": 2 },
            "end": { "line": 17, "column": 25 }
          }
        ]
      },
      "3": {
        "type": "branch",
        "line": 19,
        "loc": {
          "start": { "line": 19, "column": 2 },
          "end": { "line": 25, "column": 3 }
        },
        "locations": [
          {
            "start": { "line": 19, "column": 2 },
            "end": { "line": 25, "column": 3 }
          }
        ]
      },
      "4": {
        "type": "branch",
        "line": 27,
        "loc": {
          "start": { "line": 27, "column": 2 },
          "end": { "line": 30, "column": 3 }
        },
        "locations": [
          {
            "start": { "line": 27, "column": 2 },
            "end": { "line": 30, "column": 3 }
          }
        ]
      },
      "5": {
        "type": "branch",
        "line": 31,
        "loc": {
          "start": { "line": 31, "column": 0 },
          "end": { "line": 31, "column": 1 }
        },
        "locations": [
          {
            "start": { "line": 31, "column": 0 },
            "end": { "line": 31, "column": 1 }
          }
        ]
      }
    },
    "b": { "0": [2], "1": [18], "2": [18], "3": [18], "4": [15], "5": [18] },
    "fnMap": {
      "0": {
        "name": "get",
        "decl": {
          "start": { "line": 5, "column": 12 },
          "end": { "line": 5, "column": 21 }
        },
        "loc": {
          "start": { "line": 5, "column": 12 },
          "end": { "line": 5, "column": 21 }
        },
        "line": 5
      },
      "1": {
        "name": "<instance_members_initializer>",
        "decl": {
          "start": { "line": 14, "column": 2 },
          "end": { "line": 17, "column": 25 }
        },
        "loc": {
          "start": { "line": 14, "column": 2 },
          "end": { "line": 17, "column": 25 }
        },
        "line": 14
      },
      "2": {
        "name": "Gem",
        "decl": {
          "start": { "line": 19, "column": 2 },
          "end": { "line": 25, "column": 3 }
        },
        "loc": {
          "start": { "line": 19, "column": 2 },
          "end": { "line": 25, "column": 3 }
        },
        "line": 19
      },
      "3": {
        "name": "show",
        "decl": {
          "start": { "line": 27, "column": 2 },
          "end": { "line": 30, "column": 3 }
        },
        "loc": {
          "start": { "line": 27, "column": 2 },
          "end": { "line": 30, "column": 3 }
        },
        "line": 27
      },
      "4": {
        "name": "get",
        "decl": {
          "start": { "line": 31, "column": 0 },
          "end": { "line": 31, "column": 1 }
        },
        "loc": {
          "start": { "line": 31, "column": 0 },
          "end": { "line": 31, "column": 1 }
        },
        "line": 31
      }
    },
    "f": { "0": 18, "1": 18, "2": 18, "3": 15, "4": 18 }
  },
  "/Users/km/dev/prv/mini-dev/sandcrusher-web/src/lib/main.ts": {
    "path": "/Users/km/dev/prv/mini-dev/sandcrusher-web/src/lib/main.ts",
    "all": false,
    "statementMap": {
      "0": {
        "start": { "line": 1, "column": 0 },
        "end": { "line": 1, "column": 32 }
      },
      "1": {
        "start": { "line": 2, "column": 0 },
        "end": { "line": 2, "column": 38 }
      },
      "2": {
        "start": { "line": 3, "column": 0 },
        "end": { "line": 3, "column": 34 }
      },
      "3": {
        "start": { "line": 4, "column": 0 },
        "end": { "line": 4, "column": 32 }
      },
      "4": {
        "start": { "line": 5, "column": 0 },
        "end": { "line": 5, "column": 37 }
      },
      "5": {
        "start": { "line": 6, "column": 0 },
        "end": { "line": 6, "column": 30 }
      },
      "6": {
        "start": { "line": 7, "column": 0 },
        "end": { "line": 7, "column": 59 }
      },
      "7": {
        "start": { "line": 8, "column": 0 },
        "end": { "line": 8, "column": 0 }
      },
      "8": {
        "start": { "line": 9, "column": 0 },
        "end": { "line": 9, "column": 19 }
      },
      "9": {
        "start": { "line": 10, "column": 0 },
        "end": { "line": 10, "column": 38 }
      },
      "10": {
        "start": { "line": 11, "column": 0 },
        "end": { "line": 11, "column": 17 }
      },
      "11": {
        "start": { "line": 12, "column": 0 },
        "end": { "line": 12, "column": 15 }
      },
      "12": {
        "start": { "line": 13, "column": 0 },
        "end": { "line": 13, "column": 28 }
      },
      "13": {
        "start": { "line": 14, "column": 0 },
        "end": { "line": 14, "column": 38 }
      },
      "14": {
        "start": { "line": 15, "column": 0 },
        "end": { "line": 15, "column": 44 }
      },
      "15": {
        "start": { "line": 16, "column": 0 },
        "end": { "line": 16, "column": 35 }
      },
      "16": {
        "start": { "line": 17, "column": 0 },
        "end": { "line": 17, "column": 37 }
      },
      "17": {
        "start": { "line": 18, "column": 0 },
        "end": { "line": 18, "column": 25 }
      },
      "18": {
        "start": { "line": 19, "column": 0 },
        "end": { "line": 19, "column": 26 }
      },
      "19": {
        "start": { "line": 20, "column": 0 },
        "end": { "line": 20, "column": 0 }
      },
      "20": {
        "start": { "line": 21, "column": 0 },
        "end": { "line": 21, "column": 46 }
      },
      "21": {
        "start": { "line": 22, "column": 0 },
        "end": { "line": 22, "column": 33 }
      },
      "22": {
        "start": { "line": 23, "column": 0 },
        "end": { "line": 23, "column": 31 }
      },
      "23": {
        "start": { "line": 24, "column": 0 },
        "end": { "line": 24, "column": 42 }
      },
      "24": {
        "start": { "line": 25, "column": 0 },
        "end": { "line": 25, "column": 46 }
      },
      "25": {
        "start": { "line": 26, "column": 0 },
        "end": { "line": 26, "column": 32 }
      },
      "26": {
        "start": { "line": 27, "column": 0 },
        "end": { "line": 27, "column": 35 }
      },
      "27": {
        "start": { "line": 28, "column": 0 },
        "end": { "line": 28, "column": 36 }
      },
      "28": {
        "start": { "line": 29, "column": 0 },
        "end": { "line": 29, "column": 38 }
      },
      "29": {
        "start": { "line": 30, "column": 0 },
        "end": { "line": 30, "column": 42 }
      },
      "30": {
        "start": { "line": 31, "column": 0 },
        "end": { "line": 31, "column": 46 }
      },
      "31": {
        "start": { "line": 32, "column": 0 },
        "end": { "line": 32, "column": 3 }
      },
      "32": {
        "start": { "line": 33, "column": 0 },
        "end": { "line": 33, "column": 0 }
      },
      "33": {
        "start": { "line": 34, "column": 0 },
        "end": { "line": 34, "column": 34 }
      },
      "34": {
        "start": { "line": 35, "column": 0 },
        "end": { "line": 35, "column": 21 }
      },
      "35": {
        "start": { "line": 36, "column": 0 },
        "end": { "line": 36, "column": 25 }
      },
      "36": {
        "start": { "line": 37, "column": 0 },
        "end": { "line": 37, "column": 6 }
      },
      "37": {
        "start": { "line": 38, "column": 0 },
        "end": { "line": 38, "column": 0 }
      },
      "38": {
        "start": { "line": 39, "column": 0 },
        "end": { "line": 39, "column": 46 }
      },
      "39": {
        "start": { "line": 40, "column": 0 },
        "end": { "line": 40, "column": 56 }
      },
      "40": {
        "start": { "line": 41, "column": 0 },
        "end": { "line": 41, "column": 0 }
      },
      "41": {
        "start": { "line": 42, "column": 0 },
        "end": { "line": 42, "column": 15 }
      },
      "42": {
        "start": { "line": 43, "column": 0 },
        "end": { "line": 43, "column": 3 }
      },
      "43": {
        "start": { "line": 44, "column": 0 },
        "end": { "line": 44, "column": 0 }
      },
      "44": {
        "start": { "line": 45, "column": 0 },
        "end": { "line": 45, "column": 53 }
      },
      "45": {
        "start": { "line": 46, "column": 0 },
        "end": { "line": 46, "column": 35 }
      },
      "46": {
        "start": { "line": 47, "column": 0 },
        "end": { "line": 47, "column": 0 }
      },
      "47": {
        "start": { "line": 48, "column": 0 },
        "end": { "line": 48, "column": 55 }
      },
      "48": {
        "start": { "line": 49, "column": 0 },
        "end": { "line": 49, "column": 18 }
      },
      "49": {
        "start": { "line": 50, "column": 0 },
        "end": { "line": 50, "column": 3 }
      },
      "50": {
        "start": { "line": 51, "column": 0 },
        "end": { "line": 51, "column": 0 }
      },
      "51": {
        "start": { "line": 52, "column": 0 },
        "end": { "line": 52, "column": 18 }
      },
      "52": {
        "start": { "line": 53, "column": 0 },
        "end": { "line": 53, "column": 36 }
      },
      "53": {
        "start": { "line": 54, "column": 0 },
        "end": { "line": 54, "column": 0 }
      },
      "54": {
        "start": { "line": 55, "column": 0 },
        "end": { "line": 55, "column": 49 }
      },
      "55": {
        "start": { "line": 56, "column": 0 },
        "end": { "line": 56, "column": 51 }
      },
      "56": {
        "start": { "line": 57, "column": 0 },
        "end": { "line": 57, "column": 0 }
      },
      "57": {
        "start": { "line": 58, "column": 0 },
        "end": { "line": 58, "column": 25 }
      },
      "58": {
        "start": { "line": 59, "column": 0 },
        "end": { "line": 59, "column": 47 }
      },
      "59": {
        "start": { "line": 60, "column": 0 },
        "end": { "line": 60, "column": 12 }
      },
      "60": {
        "start": { "line": 61, "column": 0 },
        "end": { "line": 61, "column": 45 }
      },
      "61": {
        "start": { "line": 62, "column": 0 },
        "end": { "line": 62, "column": 5 }
      },
      "62": {
        "start": { "line": 63, "column": 0 },
        "end": { "line": 63, "column": 0 }
      },
      "63": {
        "start": { "line": 64, "column": 0 },
        "end": { "line": 64, "column": 41 }
      },
      "64": {
        "start": { "line": 65, "column": 0 },
        "end": { "line": 65, "column": 39 }
      },
      "65": {
        "start": { "line": 66, "column": 0 },
        "end": { "line": 66, "column": 3 }
      },
      "66": {
        "start": { "line": 67, "column": 0 },
        "end": { "line": 67, "column": 0 }
      },
      "67": {
        "start": { "line": 68, "column": 0 },
        "end": { "line": 68, "column": 31 }
      },
      "68": {
        "start": { "line": 69, "column": 0 },
        "end": { "line": 69, "column": 39 }
      },
      "69": {
        "start": { "line": 70, "column": 0 },
        "end": { "line": 70, "column": 23 }
      },
      "70": {
        "start": { "line": 71, "column": 0 },
        "end": { "line": 71, "column": 66 }
      },
      "71": {
        "start": { "line": 72, "column": 0 },
        "end": { "line": 72, "column": 21 }
      },
      "72": {
        "start": { "line": 73, "column": 0 },
        "end": { "line": 73, "column": 32 }
      },
      "73": {
        "start": { "line": 74, "column": 0 },
        "end": { "line": 74, "column": 18 }
      },
      "74": {
        "start": { "line": 75, "column": 0 },
        "end": { "line": 75, "column": 3 }
      },
      "75": {
        "start": { "line": 76, "column": 0 },
        "end": { "line": 76, "column": 0 }
      },
      "76": {
        "start": { "line": 77, "column": 0 },
        "end": { "line": 77, "column": 32 }
      },
      "77": {
        "start": { "line": 78, "column": 0 },
        "end": { "line": 78, "column": 53 }
      },
      "78": {
        "start": { "line": 79, "column": 0 },
        "end": { "line": 79, "column": 60 }
      },
      "79": {
        "start": { "line": 80, "column": 0 },
        "end": { "line": 80, "column": 75 }
      },
      "80": {
        "start": { "line": 81, "column": 0 },
        "end": { "line": 81, "column": 44 }
      },
      "81": {
        "start": { "line": 82, "column": 0 },
        "end": { "line": 82, "column": 44 }
      },
      "82": {
        "start": { "line": 83, "column": 0 },
        "end": { "line": 83, "column": 7 }
      },
      "83": {
        "start": { "line": 84, "column": 0 },
        "end": { "line": 84, "column": 3 }
      },
      "84": {
        "start": { "line": 85, "column": 0 },
        "end": { "line": 85, "column": 0 }
      },
      "85": {
        "start": { "line": 86, "column": 0 },
        "end": { "line": 86, "column": 23 }
      },
      "86": {
        "start": { "line": 87, "column": 0 },
        "end": { "line": 87, "column": 59 }
      },
      "87": {
        "start": { "line": 88, "column": 0 },
        "end": { "line": 88, "column": 40 }
      },
      "88": {
        "start": { "line": 89, "column": 0 },
        "end": { "line": 89, "column": 0 }
      },
      "89": {
        "start": { "line": 90, "column": 0 },
        "end": { "line": 90, "column": 40 }
      },
      "90": {
        "start": { "line": 91, "column": 0 },
        "end": { "line": 91, "column": 0 }
      },
      "91": {
        "start": { "line": 92, "column": 0 },
        "end": { "line": 92, "column": 29 }
      },
      "92": {
        "start": { "line": 93, "column": 0 },
        "end": { "line": 93, "column": 18 }
      },
      "93": {
        "start": { "line": 94, "column": 0 },
        "end": { "line": 94, "column": 66 }
      },
      "94": {
        "start": { "line": 95, "column": 0 },
        "end": { "line": 95, "column": 66 }
      },
      "95": {
        "start": { "line": 96, "column": 0 },
        "end": { "line": 96, "column": 43 }
      },
      "96": {
        "start": { "line": 97, "column": 0 },
        "end": { "line": 97, "column": 7 }
      },
      "97": {
        "start": { "line": 98, "column": 0 },
        "end": { "line": 98, "column": 0 }
      },
      "98": {
        "start": { "line": 99, "column": 0 },
        "end": { "line": 99, "column": 18 }
      },
      "99": {
        "start": { "line": 100, "column": 0 },
        "end": { "line": 100, "column": 3 }
      },
      "100": {
        "start": { "line": 101, "column": 0 },
        "end": { "line": 101, "column": 0 }
      },
      "101": {
        "start": { "line": 102, "column": 0 },
        "end": { "line": 102, "column": 32 }
      },
      "102": {
        "start": { "line": 103, "column": 0 },
        "end": { "line": 103, "column": 71 }
      },
      "103": {
        "start": { "line": 104, "column": 0 },
        "end": { "line": 104, "column": 0 }
      },
      "104": {
        "start": { "line": 105, "column": 0 },
        "end": { "line": 105, "column": 41 }
      },
      "105": {
        "start": { "line": 106, "column": 0 },
        "end": { "line": 106, "column": 38 }
      },
      "106": {
        "start": { "line": 107, "column": 0 },
        "end": { "line": 107, "column": 32 }
      },
      "107": {
        "start": { "line": 108, "column": 0 },
        "end": { "line": 108, "column": 28 }
      },
      "108": {
        "start": { "line": 109, "column": 0 },
        "end": { "line": 109, "column": 0 }
      },
      "109": {
        "start": { "line": 110, "column": 0 },
        "end": { "line": 110, "column": 20 }
      },
      "110": {
        "start": { "line": 111, "column": 0 },
        "end": { "line": 111, "column": 45 }
      },
      "111": {
        "start": { "line": 112, "column": 0 },
        "end": { "line": 112, "column": 7 }
      },
      "112": {
        "start": { "line": 113, "column": 0 },
        "end": { "line": 113, "column": 3 }
      },
      "113": {
        "start": { "line": 114, "column": 0 },
        "end": { "line": 114, "column": 0 }
      },
      "114": {
        "start": { "line": 115, "column": 0 },
        "end": { "line": 115, "column": 35 }
      },
      "115": {
        "start": { "line": 116, "column": 0 },
        "end": { "line": 116, "column": 29 }
      },
      "116": {
        "start": { "line": 117, "column": 0 },
        "end": { "line": 117, "column": 27 }
      },
      "117": {
        "start": { "line": 118, "column": 0 },
        "end": { "line": 118, "column": 23 }
      },
      "118": {
        "start": { "line": 119, "column": 0 },
        "end": { "line": 119, "column": 0 }
      },
      "119": {
        "start": { "line": 120, "column": 0 },
        "end": { "line": 120, "column": 23 }
      },
      "120": {
        "start": { "line": 121, "column": 0 },
        "end": { "line": 121, "column": 45 }
      },
      "121": {
        "start": { "line": 122, "column": 0 },
        "end": { "line": 122, "column": 7 }
      },
      "122": {
        "start": { "line": 123, "column": 0 },
        "end": { "line": 123, "column": 3 }
      },
      "123": {
        "start": { "line": 124, "column": 0 },
        "end": { "line": 124, "column": 0 }
      },
      "124": {
        "start": { "line": 125, "column": 0 },
        "end": { "line": 125, "column": 32 }
      },
      "125": {
        "start": { "line": 126, "column": 0 },
        "end": { "line": 126, "column": 46 }
      },
      "126": {
        "start": { "line": 127, "column": 0 },
        "end": { "line": 127, "column": 0 }
      },
      "127": {
        "start": { "line": 128, "column": 0 },
        "end": { "line": 128, "column": 35 }
      },
      "128": {
        "start": { "line": 129, "column": 0 },
        "end": { "line": 129, "column": 28 }
      },
      "129": {
        "start": { "line": 130, "column": 0 },
        "end": { "line": 130, "column": 32 }
      },
      "130": {
        "start": { "line": 131, "column": 0 },
        "end": { "line": 131, "column": 23 }
      },
      "131": {
        "start": { "line": 132, "column": 0 },
        "end": { "line": 132, "column": 45 }
      },
      "132": {
        "start": { "line": 133, "column": 0 },
        "end": { "line": 133, "column": 7 }
      },
      "133": {
        "start": { "line": 134, "column": 0 },
        "end": { "line": 134, "column": 3 }
      },
      "134": {
        "start": { "line": 135, "column": 0 },
        "end": { "line": 135, "column": 0 }
      },
      "135": {
        "start": { "line": 136, "column": 0 },
        "end": { "line": 136, "column": 20 }
      },
      "136": {
        "start": { "line": 137, "column": 0 },
        "end": { "line": 137, "column": 23 }
      },
      "137": {
        "start": { "line": 138, "column": 0 },
        "end": { "line": 138, "column": 60 }
      },
      "138": {
        "start": { "line": 139, "column": 0 },
        "end": { "line": 139, "column": 55 }
      },
      "139": {
        "start": { "line": 140, "column": 0 },
        "end": { "line": 140, "column": 58 }
      },
      "140": {
        "start": { "line": 141, "column": 0 },
        "end": { "line": 141, "column": 40 }
      },
      "141": {
        "start": { "line": 142, "column": 0 },
        "end": { "line": 142, "column": 3 }
      },
      "142": {
        "start": { "line": 143, "column": 0 },
        "end": { "line": 143, "column": 0 }
      },
      "143": {
        "start": { "line": 144, "column": 0 },
        "end": { "line": 144, "column": 33 }
      },
      "144": {
        "start": { "line": 145, "column": 0 },
        "end": { "line": 145, "column": 26 }
      },
      "145": {
        "start": { "line": 146, "column": 0 },
        "end": { "line": 146, "column": 31 }
      },
      "146": {
        "start": { "line": 147, "column": 0 },
        "end": { "line": 147, "column": 38 }
      },
      "147": {
        "start": { "line": 148, "column": 0 },
        "end": { "line": 148, "column": 3 }
      },
      "148": {
        "start": { "line": 149, "column": 0 },
        "end": { "line": 149, "column": 0 }
      },
      "149": {
        "start": { "line": 150, "column": 0 },
        "end": { "line": 150, "column": 33 }
      },
      "150": {
        "start": { "line": 151, "column": 0 },
        "end": { "line": 151, "column": 33 }
      },
      "151": {
        "start": { "line": 152, "column": 0 },
        "end": { "line": 152, "column": 3 }
      },
      "152": {
        "start": { "line": 153, "column": 0 },
        "end": { "line": 153, "column": 0 }
      },
      "153": {
        "start": { "line": 154, "column": 0 },
        "end": { "line": 154, "column": 18 }
      },
      "154": {
        "start": { "line": 155, "column": 0 },
        "end": { "line": 155, "column": 36 }
      },
      "155": {
        "start": { "line": 156, "column": 0 },
        "end": { "line": 156, "column": 28 }
      },
      "156": {
        "start": { "line": 157, "column": 0 },
        "end": { "line": 157, "column": 47 }
      },
      "157": {
        "start": { "line": 158, "column": 0 },
        "end": { "line": 158, "column": 35 }
      },
      "158": {
        "start": { "line": 159, "column": 0 },
        "end": { "line": 159, "column": 29 }
      },
      "159": {
        "start": { "line": 160, "column": 0 },
        "end": { "line": 160, "column": 21 }
      },
      "160": {
        "start": { "line": 161, "column": 0 },
        "end": { "line": 161, "column": 10 }
      },
      "161": {
        "start": { "line": 162, "column": 0 },
        "end": { "line": 162, "column": 0 }
      },
      "162": {
        "start": { "line": 163, "column": 0 },
        "end": { "line": 163, "column": 79 }
      },
      "163": {
        "start": { "line": 164, "column": 0 },
        "end": { "line": 164, "column": 7 }
      },
      "164": {
        "start": { "line": 165, "column": 0 },
        "end": { "line": 165, "column": 7 }
      },
      "165": {
        "start": { "line": 166, "column": 0 },
        "end": { "line": 166, "column": 3 }
      },
      "166": {
        "start": { "line": 167, "column": 0 },
        "end": { "line": 167, "column": 0 }
      },
      "167": {
        "start": { "line": 168, "column": 0 },
        "end": { "line": 168, "column": 21 }
      },
      "168": {
        "start": { "line": 169, "column": 0 },
        "end": { "line": 169, "column": 54 }
      },
      "169": {
        "start": { "line": 170, "column": 0 },
        "end": { "line": 170, "column": 39 }
      },
      "170": {
        "start": { "line": 171, "column": 0 },
        "end": { "line": 171, "column": 47 }
      },
      "171": {
        "start": { "line": 172, "column": 0 },
        "end": { "line": 172, "column": 41 }
      },
      "172": {
        "start": { "line": 173, "column": 0 },
        "end": { "line": 173, "column": 69 }
      },
      "173": {
        "start": { "line": 174, "column": 0 },
        "end": { "line": 174, "column": 40 }
      },
      "174": {
        "start": { "line": 175, "column": 0 },
        "end": { "line": 175, "column": 47 }
      },
      "175": {
        "start": { "line": 176, "column": 0 },
        "end": { "line": 176, "column": 24 }
      },
      "176": {
        "start": { "line": 177, "column": 0 },
        "end": { "line": 177, "column": 14 }
      },
      "177": {
        "start": { "line": 178, "column": 0 },
        "end": { "line": 178, "column": 46 }
      },
      "178": {
        "start": { "line": 179, "column": 0 },
        "end": { "line": 179, "column": 7 }
      },
      "179": {
        "start": { "line": 180, "column": 0 },
        "end": { "line": 180, "column": 5 }
      },
      "180": {
        "start": { "line": 181, "column": 0 },
        "end": { "line": 181, "column": 0 }
      },
      "181": {
        "start": { "line": 182, "column": 0 },
        "end": { "line": 182, "column": 36 }
      },
      "182": {
        "start": { "line": 183, "column": 0 },
        "end": { "line": 183, "column": 32 }
      },
      "183": {
        "start": { "line": 184, "column": 0 },
        "end": { "line": 184, "column": 3 }
      },
      "184": {
        "start": { "line": 185, "column": 0 },
        "end": { "line": 185, "column": 0 }
      },
      "185": {
        "start": { "line": 186, "column": 0 },
        "end": { "line": 186, "column": 32 }
      },
      "186": {
        "start": { "line": 187, "column": 0 },
        "end": { "line": 187, "column": 46 }
      },
      "187": {
        "start": { "line": 188, "column": 0 },
        "end": { "line": 188, "column": 3 }
      },
      "188": {
        "start": { "line": 189, "column": 0 },
        "end": { "line": 189, "column": 1 }
      }
    },
    "s": {
      "0": 1,
      "1": 1,
      "2": 1,
      "3": 1,
      "4": 1,
      "5": 1,
      "6": 1,
      "7": 1,
      "8": 1,
      "9": 1,
      "10": 1,
      "11": 1,
      "12": 1,
      "13": 1,
      "14": 1,
      "15": 1,
      "16": 1,
      "17": 1,
      "18": 1,
      "19": 1,
      "20": 1,
      "21": 1,
      "22": 1,
      "23": 1,
      "24": 1,
      "25": 1,
      "26": 1,
      "27": 1,
      "28": 1,
      "29": 1,
      "30": 1,
      "31": 1,
      "32": 1,
      "33": 1,
      "34": 2,
      "35": 2,
      "36": 2,
      "37": 2,
      "38": 2,
      "39": 2,
      "40": 2,
      "41": 2,
      "42": 2,
      "43": 1,
      "44": 1,
      "45": 1,
      "46": 1,
      "47": 1,
      "48": 1,
      "49": 1,
      "50": 1,
      "51": 1,
      "52": 3,
      "53": 3,
      "54": 3,
      "55": 3,
      "56": 3,
      "57": 3,
      "58": 0,
      "59": 3,
      "60": 3,
      "61": 3,
      "62": 3,
      "63": 3,
      "64": 3,
      "65": 3,
      "66": 1,
      "67": 1,
      "68": 1,
      "69": 1,
      "70": 1,
      "71": 1,
      "72": 1,
      "73": 1,
      "74": 1,
      "75": 1,
      "76": 1,
      "77": 1,
      "78": 1,
      "79": 1,
      "80": 0,
      "81": 0,
      "82": 1,
      "83": 1,
      "84": 1,
      "85": 1,
      "86": 1,
      "87": 1,
      "88": 1,
      "89": 1,
      "90": 1,
      "91": 1,
      "92": 100,
      "93": 100,
      "94": 100,
      "95": 100,
      "96": 1,
      "97": 1,
      "98": 1,
      "99": 1,
      "100": 1,
      "101": 1,
      "102": 1,
      "103": 1,
      "104": 1,
      "105": 15,
      "106": 15,
      "107": 15,
      "108": 15,
      "109": 15,
      "110": 15,
      "111": 1,
      "112": 1,
      "113": 1,
      "114": 1,
      "115": 0,
      "116": 0,
      "117": 0,
      "118": 0,
      "119": 0,
      "120": 0,
      "121": 0,
      "122": 0,
      "123": 1,
      "124": 1,
      "125": 15,
      "126": 15,
      "127": 15,
      "128": 0,
      "129": 0,
      "130": 0,
      "131": 0,
      "132": 15,
      "133": 15,
      "134": 1,
      "135": 1,
      "136": 15,
      "137": 15,
      "138": 15,
      "139": 15,
      "140": 15,
      "141": 15,
      "142": 1,
      "143": 1,
      "144": 0,
      "145": 0,
      "146": 0,
      "147": 0,
      "148": 1,
      "149": 1,
      "150": 0,
      "151": 0,
      "152": 1,
      "153": 1,
      "154": 1,
      "155": 7,
      "156": 0,
      "157": 0,
      "158": 0,
      "159": 0,
      "160": 0,
      "161": 0,
      "162": 0,
      "163": 0,
      "164": 1,
      "165": 1,
      "166": 1,
      "167": 1,
      "168": 0,
      "169": 0,
      "170": 0,
      "171": 0,
      "172": 0,
      "173": 0,
      "174": 0,
      "175": 0,
      "176": 0,
      "177": 0,
      "178": 0,
      "179": 0,
      "180": 0,
      "181": 0,
      "182": 0,
      "183": 0,
      "184": 1,
      "185": 1,
      "186": 0,
      "187": 0,
      "188": 1
    },
    "branchMap": {
      "0": {
        "type": "branch",
        "line": 10,
        "loc": {
          "start": { "line": 10, "column": 2 },
          "end": { "line": 19, "column": 26 }
        },
        "locations": [
          {
            "start": { "line": 10, "column": 2 },
            "end": { "line": 19, "column": 26 }
          }
        ]
      },
      "1": {
        "type": "branch",
        "line": 21,
        "loc": {
          "start": { "line": 21, "column": 2 },
          "end": { "line": 32, "column": 3 }
        },
        "locations": [
          {
            "start": { "line": 21, "column": 2 },
            "end": { "line": 32, "column": 3 }
          }
        ]
      },
      "2": {
        "type": "branch",
        "line": 34,
        "loc": {
          "start": { "line": 34, "column": 2 },
          "end": { "line": 43, "column": 3 }
        },
        "locations": [
          {
            "start": { "line": 34, "column": 2 },
            "end": { "line": 43, "column": 3 }
          }
        ]
      },
      "3": {
        "type": "branch",
        "line": 40,
        "loc": {
          "start": { "line": 40, "column": 19 },
          "end": { "line": 40, "column": 54 }
        },
        "locations": [
          {
            "start": { "line": 40, "column": 19 },
            "end": { "line": 40, "column": 54 }
          }
        ]
      },
      "4": {
        "type": "branch",
        "line": 45,
        "loc": {
          "start": { "line": 45, "column": 2 },
          "end": { "line": 50, "column": 3 }
        },
        "locations": [
          {
            "start": { "line": 45, "column": 2 },
            "end": { "line": 50, "column": 3 }
          }
        ]
      },
      "5": {
        "type": "branch",
        "line": 52,
        "loc": {
          "start": { "line": 52, "column": 2 },
          "end": { "line": 66, "column": 3 }
        },
        "locations": [
          {
            "start": { "line": 52, "column": 2 },
            "end": { "line": 66, "column": 3 }
          }
        ]
      },
      "6": {
        "type": "branch",
        "line": 53,
        "loc": {
          "start": { "line": 53, "column": 29 },
          "end": { "line": 53, "column": 36 }
        },
        "locations": [
          {
            "start": { "line": 53, "column": 29 },
            "end": { "line": 53, "column": 36 }
          }
        ]
      },
      "7": {
        "type": "branch",
        "line": 58,
        "loc": {
          "start": { "line": 58, "column": 24 },
          "end": { "line": 60, "column": 11 }
        },
        "locations": [
          {
            "start": { "line": 58, "column": 24 },
            "end": { "line": 60, "column": 11 }
          }
        ]
      },
      "8": {
        "type": "branch",
        "line": 68,
        "loc": {
          "start": { "line": 68, "column": 2 },
          "end": { "line": 75, "column": 3 }
        },
        "locations": [
          {
            "start": { "line": 68, "column": 2 },
            "end": { "line": 75, "column": 3 }
          }
        ]
      },
      "9": {
        "type": "branch",
        "line": 77,
        "loc": {
          "start": { "line": 77, "column": 2 },
          "end": { "line": 84, "column": 3 }
        },
        "locations": [
          {
            "start": { "line": 77, "column": 2 },
            "end": { "line": 84, "column": 3 }
          }
        ]
      },
      "10": {
        "type": "branch",
        "line": 86,
        "loc": {
          "start": { "line": 86, "column": 2 },
          "end": { "line": 100, "column": 3 }
        },
        "locations": [
          {
            "start": { "line": 86, "column": 2 },
            "end": { "line": 100, "column": 3 }
          }
        ]
      },
      "11": {
        "type": "branch",
        "line": 92,
        "loc": {
          "start": { "line": 92, "column": 18 },
          "end": { "line": 97, "column": 5 }
        },
        "locations": [
          {
            "start": { "line": 92, "column": 18 },
            "end": { "line": 97, "column": 5 }
          }
        ]
      },
      "12": {
        "type": "branch",
        "line": 102,
        "loc": {
          "start": { "line": 102, "column": 2 },
          "end": { "line": 113, "column": 3 }
        },
        "locations": [
          {
            "start": { "line": 102, "column": 2 },
            "end": { "line": 113, "column": 3 }
          }
        ]
      },
      "13": {
        "type": "branch",
        "line": 105,
        "loc": {
          "start": { "line": 105, "column": 24 },
          "end": { "line": 112, "column": 5 }
        },
        "locations": [
          {
            "start": { "line": 105, "column": 24 },
            "end": { "line": 112, "column": 5 }
          }
        ]
      },
      "14": {
        "type": "branch",
        "line": 125,
        "loc": {
          "start": { "line": 125, "column": 2 },
          "end": { "line": 134, "column": 3 }
        },
        "locations": [
          {
            "start": { "line": 125, "column": 2 },
            "end": { "line": 134, "column": 3 }
          }
        ]
      },
      "15": {
        "type": "branch",
        "line": 136,
        "loc": {
          "start": { "line": 136, "column": 2 },
          "end": { "line": 142, "column": 3 }
        },
        "locations": [
          {
            "start": { "line": 136, "column": 2 },
            "end": { "line": 142, "column": 3 }
          }
        ]
      },
      "16": {
        "type": "branch",
        "line": 154,
        "loc": {
          "start": { "line": 154, "column": 2 },
          "end": { "line": 166, "column": 3 }
        },
        "locations": [
          {
            "start": { "line": 154, "column": 2 },
            "end": { "line": 166, "column": 3 }
          }
        ]
      },
      "17": {
        "type": "branch",
        "line": 155,
        "loc": {
          "start": { "line": 155, "column": 24 },
          "end": { "line": 165, "column": 5 }
        },
        "locations": [
          {
            "start": { "line": 155, "column": 24 },
            "end": { "line": 165, "column": 5 }
          }
        ]
      },
      "18": {
        "type": "branch",
        "line": 156,
        "loc": {
          "start": { "line": 156, "column": 27 },
          "end": { "line": 164, "column": 7 }
        },
        "locations": [
          {
            "start": { "line": 156, "column": 27 },
            "end": { "line": 164, "column": 7 }
          }
        ]
      },
      "19": {
        "type": "branch",
        "line": 189,
        "loc": {
          "start": { "line": 189, "column": 0 },
          "end": { "line": 189, "column": 1 }
        },
        "locations": [
          {
            "start": { "line": 189, "column": 0 },
            "end": { "line": 189, "column": 1 }
          }
        ]
      }
    },
    "b": {
      "0": [1],
      "1": [1],
      "2": [2],
      "3": [130],
      "4": [1],
      "5": [3],
      "6": [0],
      "7": [0],
      "8": [1],
      "9": [1],
      "10": [1],
      "11": [100],
      "12": [1],
      "13": [15],
      "14": [15],
      "15": [15],
      "16": [1],
      "17": [7],
      "18": [0],
      "19": [1]
    },
    "fnMap": {
      "0": {
        "name": "<instance_members_initializer>",
        "decl": {
          "start": { "line": 10, "column": 2 },
          "end": { "line": 19, "column": 26 }
        },
        "loc": {
          "start": { "line": 10, "column": 2 },
          "end": { "line": 19, "column": 26 }
        },
        "line": 10
      },
      "1": {
        "name": "Game",
        "decl": {
          "start": { "line": 21, "column": 2 },
          "end": { "line": 32, "column": 3 }
        },
        "loc": {
          "start": { "line": 21, "column": 2 },
          "end": { "line": 32, "column": 3 }
        },
        "line": 21
      },
      "2": {
        "name": "Game.bindResize",
        "decl": {
          "start": { "line": 30, "column": 22 },
          "end": { "line": 30, "column": 42 }
        },
        "loc": {
          "start": { "line": 30, "column": 22 },
          "end": { "line": 30, "column": 42 }
        },
        "line": 30
      },
      "3": {
        "name": "Game.bindDragEnd",
        "decl": {
          "start": { "line": 31, "column": 23 },
          "end": { "line": 31, "column": 46 }
        },
        "loc": {
          "start": { "line": 31, "column": 23 },
          "end": { "line": 31, "column": 46 }
        },
        "line": 31
      },
      "4": {
        "name": "setPixiApp",
        "decl": {
          "start": { "line": 34, "column": 2 },
          "end": { "line": 43, "column": 3 }
        },
        "loc": {
          "start": { "line": 34, "column": 2 },
          "end": { "line": 43, "column": 3 }
        },
        "line": 34
      },
      "5": {
        "name": "setResizeElement",
        "decl": {
          "start": { "line": 45, "column": 2 },
          "end": { "line": 50, "column": 3 }
        },
        "loc": {
          "start": { "line": 45, "column": 2 },
          "end": { "line": 50, "column": 3 }
        },
        "line": 45
      },
      "6": {
        "name": "resize",
        "decl": {
          "start": { "line": 52, "column": 2 },
          "end": { "line": 66, "column": 3 }
        },
        "loc": {
          "start": { "line": 52, "column": 2 },
          "end": { "line": 66, "column": 3 }
        },
        "line": 52
      },
      "7": {
        "name": "init",
        "decl": {
          "start": { "line": 68, "column": 2 },
          "end": { "line": 75, "column": 3 }
        },
        "loc": {
          "start": { "line": 68, "column": 2 },
          "end": { "line": 75, "column": 3 }
        },
        "line": 68
      },
      "8": {
        "name": "addStageInteractions",
        "decl": {
          "start": { "line": 77, "column": 2 },
          "end": { "line": 84, "column": 3 }
        },
        "loc": {
          "start": { "line": 77, "column": 2 },
          "end": { "line": 84, "column": 3 }
        },
        "line": 77
      },
      "9": {
        "name": "createTiles",
        "decl": {
          "start": { "line": 86, "column": 2 },
          "end": { "line": 100, "column": 3 }
        },
        "loc": {
          "start": { "line": 86, "column": 2 },
          "end": { "line": 100, "column": 3 }
        },
        "line": 86
      },
      "10": {
        "name": "addGems",
        "decl": {
          "start": { "line": 102, "column": 2 },
          "end": { "line": 113, "column": 3 }
        },
        "loc": {
          "start": { "line": 102, "column": 2 },
          "end": { "line": 113, "column": 3 }
        },
        "line": 102
      },
      "11": {
        "name": "removeGems",
        "decl": {
          "start": { "line": 115, "column": 2 },
          "end": { "line": 123, "column": 3 }
        },
        "loc": {
          "start": { "line": 115, "column": 2 },
          "end": { "line": 123, "column": 3 }
        },
        "line": 115
      },
      "12": {
        "name": "onGemAdded",
        "decl": {
          "start": { "line": 125, "column": 2 },
          "end": { "line": 134, "column": 3 }
        },
        "loc": {
          "start": { "line": 125, "column": 2 },
          "end": { "line": 134, "column": 3 }
        },
        "line": 125
      },
      "13": {
        "name": "randomGem",
        "decl": {
          "start": { "line": 136, "column": 2 },
          "end": { "line": 142, "column": 3 }
        },
        "loc": {
          "start": { "line": 136, "column": 2 },
          "end": { "line": 142, "column": 3 }
        },
        "line": 136
      },
      "14": {
        "name": "pointerDown",
        "decl": {
          "start": { "line": 144, "column": 2 },
          "end": { "line": 148, "column": 3 }
        },
        "loc": {
          "start": { "line": 144, "column": 2 },
          "end": { "line": 148, "column": 3 }
        },
        "line": 144
      },
      "15": {
        "name": "pointerOver",
        "decl": {
          "start": { "line": 150, "column": 2 },
          "end": { "line": 152, "column": 3 }
        },
        "loc": {
          "start": { "line": 150, "column": 2 },
          "end": { "line": 152, "column": 3 }
        },
        "line": 150
      },
      "16": {
        "name": "update",
        "decl": {
          "start": { "line": 154, "column": 2 },
          "end": { "line": 166, "column": 3 }
        },
        "loc": {
          "start": { "line": 154, "column": 2 },
          "end": { "line": 166, "column": 3 }
        },
        "line": 154
      },
      "17": {
        "name": "onDragEnd",
        "decl": {
          "start": { "line": 168, "column": 2 },
          "end": { "line": 184, "column": 3 }
        },
        "loc": {
          "start": { "line": 168, "column": 2 },
          "end": { "line": 184, "column": 3 }
        },
        "line": 168
      },
      "18": {
        "name": "getView",
        "decl": {
          "start": { "line": 186, "column": 2 },
          "end": { "line": 188, "column": 3 }
        },
        "loc": {
          "start": { "line": 186, "column": 2 },
          "end": { "line": 188, "column": 3 }
        },
        "line": 186
      },
      "19": {
        "name": "get",
        "decl": {
          "start": { "line": 189, "column": 0 },
          "end": { "line": 189, "column": 1 }
        },
        "loc": {
          "start": { "line": 189, "column": 0 },
          "end": { "line": 189, "column": 1 }
        },
        "line": 189
      }
    },
    "f": {
      "0": 1,
      "1": 1,
      "2": 0,
      "3": 0,
      "4": 2,
      "5": 1,
      "6": 3,
      "7": 1,
      "8": 1,
      "9": 1,
      "10": 1,
      "11": 0,
      "12": 15,
      "13": 15,
      "14": 0,
      "15": 0,
      "16": 1,
      "17": 0,
      "18": 0,
      "19": 1
    }
  },
  "/Users/km/dev/prv/mini-dev/sandcrusher-web/src/lib/tile.ts": {
    "path": "/Users/km/dev/prv/mini-dev/sandcrusher-web/src/lib/tile.ts",
    "all": false,
    "statementMap": {
      "0": {
        "start": { "line": 1, "column": 0 },
        "end": { "line": 1, "column": 32 }
      },
      "1": {
        "start": { "line": 2, "column": 0 },
        "end": { "line": 2, "column": 38 }
      },
      "2": {
        "start": { "line": 3, "column": 0 },
        "end": { "line": 3, "column": 28 }
      },
      "3": {
        "start": { "line": 4, "column": 0 },
        "end": { "line": 4, "column": 0 }
      },
      "4": {
        "start": { "line": 5, "column": 0 },
        "end": { "line": 5, "column": 19 }
      },
      "5": {
        "start": { "line": 6, "column": 0 },
        "end": { "line": 6, "column": 13 }
      },
      "6": {
        "start": { "line": 7, "column": 0 },
        "end": { "line": 7, "column": 22 }
      },
      "7": {
        "start": { "line": 8, "column": 0 },
        "end": { "line": 8, "column": 20 }
      },
      "8": {
        "start": { "line": 9, "column": 0 },
        "end": { "line": 9, "column": 21 }
      },
      "9": {
        "start": { "line": 10, "column": 0 },
        "end": { "line": 10, "column": 41 }
      },
      "10": {
        "start": { "line": 11, "column": 0 },
        "end": { "line": 11, "column": 30 }
      },
      "11": {
        "start": { "line": 12, "column": 0 },
        "end": { "line": 12, "column": 29 }
      },
      "12": {
        "start": { "line": 13, "column": 0 },
        "end": { "line": 13, "column": 23 }
      },
      "13": {
        "start": { "line": 14, "column": 0 },
        "end": { "line": 14, "column": 0 }
      },
      "14": {
        "start": { "line": 15, "column": 0 },
        "end": { "line": 15, "column": 50 }
      },
      "15": {
        "start": { "line": 16, "column": 0 },
        "end": { "line": 16, "column": 17 }
      },
      "16": {
        "start": { "line": 17, "column": 0 },
        "end": { "line": 17, "column": 45 }
      },
      "17": {
        "start": { "line": 18, "column": 0 },
        "end": { "line": 18, "column": 25 }
      },
      "18": {
        "start": { "line": 19, "column": 0 },
        "end": { "line": 19, "column": 26 }
      },
      "19": {
        "start": { "line": 20, "column": 0 },
        "end": { "line": 20, "column": 53 }
      },
      "20": {
        "start": { "line": 21, "column": 0 },
        "end": { "line": 21, "column": 54 }
      },
      "21": {
        "start": { "line": 22, "column": 0 },
        "end": { "line": 22, "column": 52 }
      },
      "22": {
        "start": { "line": 23, "column": 0 },
        "end": { "line": 23, "column": 56 }
      },
      "23": {
        "start": { "line": 24, "column": 0 },
        "end": { "line": 24, "column": 54 }
      },
      "24": {
        "start": { "line": 25, "column": 0 },
        "end": { "line": 25, "column": 25 }
      },
      "25": {
        "start": { "line": 26, "column": 0 },
        "end": { "line": 26, "column": 3 }
      },
      "26": {
        "start": { "line": 27, "column": 0 },
        "end": { "line": 27, "column": 0 }
      },
      "27": {
        "start": { "line": 28, "column": 0 },
        "end": { "line": 28, "column": 52 }
      },
      "28": {
        "start": { "line": 29, "column": 0 },
        "end": { "line": 29, "column": 44 }
      },
      "29": {
        "start": { "line": 30, "column": 0 },
        "end": { "line": 30, "column": 27 }
      },
      "30": {
        "start": { "line": 31, "column": 0 },
        "end": { "line": 31, "column": 23 }
[...]
        "end": { "line": 77, "column": 3 }
      },
      "77": {
        "start": { "line": 78, "column": 0 },
        "end": { "line": 78, "column": 0 }
      },
      "78": {
        "start": { "line": 79, "column": 0 },
        "end": { "line": 79, "column": 24 }
      },
      "79": {
        "start": { "line": 80, "column": 0 },
        "end": { "line": 80, "column": 27 }
      },
      "80": {
        "start": { "line": 81, "column": 0 },
        "end": { "line": 81, "column": 19 }
      },
      "81": {
        "start": { "line": 82, "column": 0 },
        "end": { "line": 82, "column": 41 }
      },
      "82": {
        "start": { "line": 83, "column": 0 },
        "end": { "line": 83, "column": 42 }
      },
      "83": {
        "start": { "line": 84, "column": 0 },
        "end": { "line": 84, "column": 15 }
      },
      "84": {
        "start": { "line": 85, "column": 0 },
        "end": { "line": 85, "column": 3 }
      },
      "85": {
        "start": { "line": 86, "column": 0 },
        "end": { "line": 86, "column": 0 }
      },
      "86": {
        "start": { "line": 87, "column": 0 },
        "end": { "line": 87, "column": 33 }
      },
      "87": {
        "start": { "line": 88, "column": 0 },
        "end": { "line": 88, "column": 33 }
      },
      "88": {
        "start": { "line": 89, "column": 0 },
        "end": { "line": 89, "column": 58 }
      },
      "89": {
        "start": { "line": 90, "column": 0 },
        "end": { "line": 90, "column": 3 }
      },
      "90": {
        "start": { "line": 91, "column": 0 },
        "end": { "line": 91, "column": 0 }
      },
      "91": {
        "start": { "line": 92, "column": 0 },
        "end": { "line": 92, "column": 43 }
      },
      "92": {
        "start": { "line": 93, "column": 0 },
        "end": { "line": 93, "column": 35 }
      },
      "93": {
        "start": { "line": 94, "column": 0 },
        "end": { "line": 94, "column": 53 }
      },
      "94": {
        "start": { "line": 95, "column": 0 },
        "end": { "line": 95, "column": 3 }
      },
      "95": {
        "start": { "line": 96, "column": 0 },
        "end": { "line": 96, "column": 1 }
      }
    },
    "s": {
      "0": 1,
      "1": 1,
      "2": 1,
      "3": 1,
      "4": 1,
      "5": 1,
      "6": 500,
      "7": 500,
      "8": 500,
      "9": 500,
      "10": 500,
      "11": 500,
      "12": 500,
      "13": 1,
      "14": 1,
      "15": 500,
      "16": 500,
      "17": 500,
      "18": 500,
      "19": 500,
      "20": 500,
      "21": 500,
      "22": 500,
      "23": 500,
      "24": 500,
      "25": 500,
      "26": 1,
      "27": 1,
      "28": 500,
      "29": 500,
      "30": 500,
      "31": 500,
      "32": 500,
      "33": 500,
      "34": 1,
      "35": 1,
      "36": 31,
      "37": 31,
      "38": 31,
      "39": 15,
      "40": 31,
      "41": 16,
      "42": 16,
      "43": 16,
      "44": 16,
      "45": 31,
      "46": 1,
      "47": 1,
      "48": 0,
      "49": 0,
      "50": 0,
      "51": 0,
      "52": 0,
      "53": 1,
      "54": 1,
      "55": 0,
      "56": 0,
      "57": 1,
      "58": 1,
      "59": 100,
      "60": 100,
      "61": 100,
      "62": 100,
      "63": 100,
      "64": 100,
      "65": 100,
      "66": 100,
      "67": 100,
      "68": 1,
      "69": 1,
      "70": 0,
      "71": 0,
      "72": 0,
      "73": 0,
      "74": 0,
      "75": 0,
      "76": 0,
      "77": 1,
      "78": 1,
      "79": 0,
      "80": 0,
      "81": 0,
      "82": 0,
      "83": 0,
      "84": 0,
      "85": 1,
      "86": 1,
      "87": 200,
      "88": 200,
      "89": 200,
      "90": 1,
      "91": 1,
      "92": 200,
      "93": 200,
      "94": 200,
      "95": 501
    },
    "branchMap": {
      "0": {
        "type": "branch",
        "line": 6,
        "loc": {
          "start": { "line": 6, "column": 2 },
          "end": { "line": 13, "column": 23 }
        },
        "locations": [
          {
            "start": { "line": 6, "column": 2 },
            "end": { "line": 13, "column": 23 }
          }
        ]
      },
      "1": {
        "type": "branch",
        "line": 15,
        "loc": {
          "start": { "line": 15, "column": 2 },
          "end": { "line": 26, "column": 3 }
        },
        "locations": [
          {
            "start": { "line": 15, "column": 2 },
            "end": { "line": 26, "column": 3 }
          }
        ]
      },
      "2": {
        "type": "branch",
        "line": 28,
        "loc": {
          "start": { "line": 28, "column": 2 },
          "end": { "line": 34, "column": 3 }
        },
        "locations": [
          {
            "start": { "line": 28, "column": 2 },
            "end": { "line": 34, "column": 3 }
          }
        ]
      },
      "3": {
        "type": "branch",
        "line": 36,
        "loc": {
          "start": { "line": 36, "column": 2 },
          "end": { "line": 46, "column": 3 }
        },
        "locations": [
          {
            "start": { "line": 36, "column": 2 },
            "end": { "line": 46, "column": 3 }
          }
        ]
      },
      "4": {
        "type": "branch",
        "line": 39,
        "loc": {
          "start": { "line": 39, "column": 17 },
          "end": { "line": 41, "column": 11 }
        },
        "locations": [
          {
            "start": { "line": 39, "column": 17 },
            "end": { "line": 41, "column": 11 }
          }
        ]
      },
      "5": {
        "type": "branch",
        "line": 41,
        "loc": {
          "start": { "line": 41, "column": 4 },
          "end": { "line": 45, "column": 5 }
        },
        "locations": [
          {
            "start": { "line": 41, "column": 4 },
            "end": { "line": 45, "column": 5 }
          }
        ]
      },
      "6": {
        "type": "branch",
        "line": 59,
        "loc": {
          "start": { "line": 59, "column": 2 },
          "end": { "line": 68, "column": 3 }
        },
        "locations": [
          {
            "start": { "line": 59, "column": 2 },
            "end": { "line": 68, "column": 3 }
          }
        ]
      },
      "7": {
        "type": "branch",
        "line": 87,
        "loc": {
          "start": { "line": 87, "column": 2 },
          "end": { "line": 90, "column": 3 }
        },
        "locations": [
          {
            "start": { "line": 87, "column": 2 },
            "end": { "line": 90, "column": 3 }
          }
        ]
      },
      "8": {
        "type": "branch",
        "line": 89,
        "loc": {
          "start": { "line": 89, "column": 18 },
          "end": { "line": 89, "column": 58 }
        },
        "locations": [
          {
            "start": { "line": 89, "column": 18 },
            "end": { "line": 89, "column": 58 }
          }
        ]
      },
      "9": {
        "type": "branch",
        "line": 92,
        "loc": {
          "start": { "line": 92, "column": 2 },
          "end": { "line": 95, "column": 3 }
        },
        "locations": [
          {
            "start": { "line": 92, "column": 2 },
            "end": { "line": 95, "column": 3 }
          }
        ]
      },
      "10": {
        "type": "branch",
        "line": 94,
        "loc": {
          "start": { "line": 94, "column": 18 },
          "end": { "line": 94, "column": 53 }
        },
        "locations": [
          {
            "start": { "line": 94, "column": 18 },
            "end": { "line": 94, "column": 53 }
          }
        ]
      },
      "11": {
        "type": "branch",
        "line": 96,
        "loc": {
          "start": { "line": 96, "column": 0 },
          "end": { "line": 96, "column": 1 }
        },
        "locations": [
          {
            "start": { "line": 96, "column": 0 },
            "end": { "line": 96, "column": 1 }
          }
        ]
      }
    },
    "b": {
      "0": [500],
      "1": [500],
      "2": [500],
      "3": [31],
      "4": [15],
      "5": [16],
      "6": [100],
      "7": [200],
      "8": [0],
      "9": [200],
      "10": [0],
      "11": [501]
    },
    "fnMap": {
      "0": {
        "name": "<instance_members_initializer>",
        "decl": {
          "start": { "line": 6, "column": 2 },
          "end": { "line": 13, "column": 23 }
        },
        "loc": {
          "start": { "line": 6, "column": 2 },
          "end": { "line": 13, "column": 23 }
        },
        "line": 6
      },
      "1": {
        "name": "Tile",
        "decl": {
          "start": { "line": 15, "column": 2 },
          "end": { "line": 26, "column": 3 }
        },
        "loc": {
          "start": { "line": 15, "column": 2 },
          "end": { "line": 26, "column": 3 }
        },
        "line": 15
      },
      "2": {
        "name": "Tile.bindPointerOver",
        "decl": {
          "start": { "line": 21, "column": 27 },
          "end": { "line": 21, "column": 54 }
        },
        "loc": {
          "start": { "line": 21, "column": 27 },
          "end": { "line": 21, "column": 54 }
        },
        "line": 21
      },
      "3": {
        "name": "Tile.bindPointerOut",
        "decl": {
          "start": { "line": 22, "column": 26 },
          "end": { "line": 22, "column": 52 }
        },
        "loc": {
          "start": { "line": 22, "column": 26 },
          "end": { "line": 22, "column": 52 }
        },
        "line": 22
      },
      "4": {
        "name": "createSprite",
        "decl": {
          "start": { "line": 28, "column": 2 },
          "end": { "line": 34, "column": 3 }
        },
        "loc": {
          "start": { "line": 28, "column": 2 },
          "end": { "line": 34, "column": 3 }
        },
        "line": 28
      },
      "5": {
        "name": "addGem",
        "decl": {
          "start": { "line": 36, "column": 2 },
          "end": { "line": 46, "column": 3 }
        },
        "loc": {
          "start": { "line": 36, "column": 2 },
          "end": { "line": 46, "column": 3 }
        },
        "line": 36
      },
      "6": {
        "name": "resetGemPosition",
        "decl": {
          "start": { "line": 48, "column": 2 },
          "end": { "line": 53, "column": 3 }
        },
        "loc": {
          "start": { "line": 48, "column": 2 },
          "end": { "line": 53, "column": 3 }
        },
        "line": 48
      },
      "7": {
        "name": "removeGem",
        "decl": {
          "start": { "line": 55, "column": 2 },
          "end": { "line": 57, "column": 3 }
        },
        "loc": {
          "start": { "line": 55, "column": 2 },
          "end": { "line": 57, "column": 3 }
        },
        "line": 55
      },
      "8": {
        "name": "show",
        "decl": {
          "start": { "line": 59, "column": 2 },
          "end": { "line": 68, "column": 3 }
        },
        "loc": {
          "start": { "line": 59, "column": 2 },
          "end": { "line": 68, "column": 3 }
        },
        "line": 59
      },
      "9": {
        "name": "onPointerOver",
        "decl": {
          "start": { "line": 70, "column": 2 },
          "end": { "line": 77, "column": 3 }
        },
        "loc": {
          "start": { "line": 70, "column": 2 },
          "end": { "line": 77, "column": 3 }
        },
        "line": 70
      },
      "10": {
        "name": "onPointerOut",
        "decl": {
          "start": { "line": 79, "column": 2 },
          "end": { "line": 85, "column": 3 }
        },
        "loc": {
          "start": { "line": 79, "column": 2 },
          "end": { "line": 85, "column": 3 }
        },
        "line": 79
      },
      "11": {
        "name": "setScale",
        "decl": {
          "start": { "line": 87, "column": 2 },
          "end": { "line": 90, "column": 3 }
        },
        "loc": {
          "start": { "line": 87, "column": 2 },
          "end": { "line": 90, "column": 3 }
        },
        "line": 87
      },
      "12": {
        "name": "setPosition",
        "decl": {
          "start": { "line": 92, "column": 2 },
          "end": { "line": 95, "column": 3 }
        },
        "loc": {
          "start": { "line": 92, "column": 2 },
          "end": { "line": 95, "column": 3 }
        },
        "line": 92
      },
      "13": {
        "name": "get",
        "decl": {
          "start": { "line": 96, "column": 0 },
          "end": { "line": 96, "column": 1 }
        },
        "loc": {
          "start": { "line": 96, "column": 0 },
          "end": { "line": 96, "column": 1 }
        },
        "line": 96
      }
    },
    "f": {
      "0": 500,
      "1": 500,
      "2": 0,
      "3": 0,
      "4": 500,
      "5": 31,
      "6": 0,
      "7": 0,
      "8": 100,
      "9": 0,
      "10": 0,
      "11": 200,
      "12": 200,
      "13": 501
    }
  },
  "/Users/km/dev/prv/mini-dev/sandcrusher-web/src/lib/utils.ts": {
    "path": "/Users/km/dev/prv/mini-dev/sandcrusher-web/src/lib/utils.ts",
    "all": false,
    "statementMap": {
      "0": {
        "start": { "line": 1, "column": 0 },
        "end": { "line": 1, "column": 32 }
      },
      "1": {
        "start": { "line": 2, "column": 0 },
        "end": { "line": 2, "column": 0 }
      },
      "2": {
        "start": { "line": 3, "column": 0 },
        "end": { "line": 3, "column": 50 }
      },
      "3": {
        "start": { "line": 4, "column": 0 },
        "end": { "line": 4, "column": 71 }
      },
      "4": {
        "start": { "line": 5, "column": 0 },
        "end": { "line": 5, "column": 2 }
      },
      "5": {
        "start": { "line": 6, "column": 0 },
        "end": { "line": 6, "column": 0 }
      },
      "6": {
        "start": { "line": 7, "column": 0 },
        "end": { "line": 7, "column": 67 }
      },
      "7": {
        "start": { "line": 8, "column": 0 },
        "end": { "line": 8, "column": 68 }
      },
      "8": {
        "start": { "line": 9, "column": 0 },
        "end": { "line": 9, "column": 2 }
      },
      "9": {
        "start": { "line": 10, "column": 0 },
        "end": { "line": 10, "column": 0 }
      },
      "10": {
        "start": { "line": 11, "column": 0 },
        "end": { "line": 11, "column": 29 }
      },
      "11": {
        "start": { "line": 12, "column": 0 },
        "end": { "line": 12, "column": 16 }
      },
      "12": {
        "start": { "line": 13, "column": 0 },
        "end": { "line": 13, "column": 16 }
      },
      "13": {
        "start": { "line": 14, "column": 0 },
        "end": { "line": 14, "column": 11 }
      },
      "14": {
        "start": { "line": 15, "column": 0 },
        "end": { "line": 15, "column": 18 }
      },
      "15": {
        "start": { "line": 16, "column": 0 },
        "end": { "line": 16, "column": 70 }
      },
      "16": {
        "start": { "line": 17, "column": 0 },
        "end": { "line": 17, "column": 2 }
      }
    },
    "s": {
      "0": 1,
      "1": 1,
      "2": 1,
      "3": 3,
      "4": 3,
      "5": 1,
      "6": 1,
      "7": 3,
      "8": 3,
      "9": 1,
      "10": 1,
      "11": 3,
      "12": 3,
      "13": 3,
      "14": 3,
      "15": 3,
      "16": 3
    },
    "branchMap": {
      "0": {
        "type": "branch",
        "line": 3,
        "loc": {
          "start": { "line": 3, "column": 21 },
          "end": { "line": 5, "column": 2 }
        },
        "locations": [
          {
            "start": { "line": 3, "column": 21 },
            "end": { "line": 5, "column": 2 }
          }
        ]
      },
      "1": {
        "type": "branch",
        "line": 4,
        "loc": {
          "start": { "line": 4, "column": 27 },
          "end": { "line": 4, "column": 69 }
        },
        "locations": [
          {
            "start": { "line": 4, "column": 27 },
            "end": { "line": 4, "column": 69 }
          }
        ]
      },
      "2": {
        "type": "branch",
        "line": 5,
        "loc": {
          "start": { "line": 5, "column": 0 },
          "end": { "line": 5, "column": 2 }
        },
        "locations": [
          {
            "start": { "line": 5, "column": 0 },
            "end": { "line": 5, "column": 2 }
          }
        ]
      },
      "3": {
        "type": "branch",
        "line": 7,
        "loc": {
          "start": { "line": 7, "column": 27 },
          "end": { "line": 9, "column": 2 }
        },
        "locations": [
          {
            "start": { "line": 7, "column": 27 },
            "end": { "line": 9, "column": 2 }
          }
        ]
      },
      "4": {
        "type": "branch",
        "line": 8,
        "loc": {
          "start": { "line": 8, "column": 25 },
          "end": { "line": 8, "column": 50 }
        },
        "locations": [
          {
            "start": { "line": 8, "column": 25 },
            "end": { "line": 8, "column": 50 }
          }
        ]
      },
      "5": {
        "type": "branch",
        "line": 9,
        "loc": {
          "start": { "line": 9, "column": 0 },
          "end": { "line": 9, "column": 2 }
        },
        "locations": [
          {
            "start": { "line": 9, "column": 0 },
            "end": { "line": 9, "column": 2 }
          }
        ]
      },
      "6": {
        "type": "branch",
        "line": 11,
        "loc": {
          "start": { "line": 11, "column": 28 },
          "end": { "line": 17, "column": 2 }
        },
        "locations": [
          {
            "start": { "line": 11, "column": 28 },
            "end": { "line": 17, "column": 2 }
          }
        ]
      },
      "7": {
        "type": "branch",
        "line": 17,
        "loc": {
          "start": { "line": 17, "column": 0 },
          "end": { "line": 17, "column": 2 }
        },
        "locations": [
          {
            "start": { "line": 17, "column": 0 },
            "end": { "line": 17, "column": 2 }
          }
        ]
      }
    },
    "b": {
      "0": [3],
      "1": [3],
      "2": [3],
      "3": [3],
      "4": [552],
      "5": [3],
      "6": [3],
      "7": [3]
    },
    "fnMap": {
      "0": {
        "name": "timer",
        "decl": {
          "start": { "line": 3, "column": 21 },
          "end": { "line": 5, "column": 2 }
        },
        "loc": {
          "start": { "line": 3, "column": 21 },
          "end": { "line": 5, "column": 2 }
        },
        "line": 3
      },
      "1": {
        "name": "get",
        "decl": {
          "start": { "line": 5, "column": 0 },
          "end": { "line": 5, "column": 2 }
        },
        "loc": {
          "start": { "line": 5, "column": 0 },
          "end": { "line": 5, "column": 2 }
        },
        "line": 5
      },
      "2": {
        "name": "randomItems",
        "decl": {
          "start": { "line": 7, "column": 27 },
          "end": { "line": 9, "column": 2 }
        },
        "loc": {
          "start": { "line": 7, "column": 27 },
          "end": { "line": 9, "column": 2 }
        },
        "line": 7
      },
      "3": {
        "name": "get",
        "decl": {
          "start": { "line": 9, "column": 0 },
          "end": { "line": 9, "column": 2 }
        },
        "loc": {
          "start": { "line": 9, "column": 0 },
          "end": { "line": 9, "column": 2 }
        },
        "line": 9
      },
      "4": {
        "name": "lerpPosition",
        "decl": {
          "start": { "line": 11, "column": 28 },
          "end": { "line": 17, "column": 2 }
        },
        "loc": {
          "start": { "line": 11, "column": 28 },
          "end": { "line": 17, "column": 2 }
        },
        "line": 11
      },
      "5": {
        "name": "get",
        "decl": {
          "start": { "line": 17, "column": 0 },
          "end": { "line": 17, "column": 2 }
        },
        "loc": {
          "start": { "line": 17, "column": 0 },
          "end": { "line": 17, "column": 2 }
        },
        "line": 17
      }
    },
    "f": { "0": 3, "1": 3, "2": 3, "3": 3, "4": 3, "5": 3 }
  }
}
