{
  "/Users/km/dev/prv/mini-dev/sandcrusher-web/src/lib/assets.ts": {
    "path": "/Users/km/dev/prv/mini-dev/sandcrusher-web/src/lib/assets.ts",
    "all": false,
    "statementMap": {
      "0": {
        "start": { "line": 1, "column": 0 },
        "end": { "line": 1, "column": 32 }
      },
      "1": {
        "start": { "line": 2, "column": 0 },
        "end": { "line": 2, "column": 0 }
      },
      "2": {
        "start": { "line": 3, "column": 0 },
        "end": { "line": 3, "column": 21 }
      },
      "3": {
        "start": { "line": 4, "column": 0 },
        "end": { "line": 4, "column": 42 }
      },
      "4": {
        "start": { "line": 5, "column": 0 },
        "end": { "line": 5, "column": 41 }
      },
      "5": {
        "start": { "line": 6, "column": 0 },
        "end": { "line": 6, "column": 0 }
      },
      "6": {
        "start": { "line": 7, "column": 0 },
        "end": { "line": 7, "column": 17 }
      },
      "7": {
        "start": { "line": 8, "column": 0 },
        "end": { "line": 8, "column": 20 }
      },
      "8": {
        "start": { "line": 9, "column": 0 },
        "end": { "line": 9, "column": 19 }
      },
      "9": {
        "start": { "line": 10, "column": 0 },
        "end": { "line": 10, "column": 3 }
      },
      "10": {
        "start": { "line": 11, "column": 0 },
        "end": { "line": 11, "column": 0 }
      },
      "11": {
        "start": { "line": 12, "column": 0 },
        "end": { "line": 12, "column": 41 }
      },
      "12": {
        "start": { "line": 13, "column": 0 },
        "end": { "line": 13, "column": 62 }
      },
      "13": {
        "start": { "line": 14, "column": 0 },
        "end": { "line": 14, "column": 3 }
      },
      "14": {
        "start": { "line": 15, "column": 0 },
        "end": { "line": 15, "column": 0 }
      },
      "15": {
        "start": { "line": 16, "column": 0 },
        "end": { "line": 16, "column": 40 }
      },
      "16": {
        "start": { "line": 17, "column": 0 },
        "end": { "line": 17, "column": 63 }
      },
      "17": {
        "start": { "line": 18, "column": 0 },
        "end": { "line": 18, "column": 65 }
      },
      "18": {
        "start": { "line": 19, "column": 0 },
        "end": { "line": 19, "column": 67 }
      },
      "19": {
        "start": { "line": 20, "column": 0 },
        "end": { "line": 20, "column": 69 }
      },
      "20": {
        "start": { "line": 21, "column": 0 },
        "end": { "line": 21, "column": 69 }
      },
      "21": {
        "start": { "line": 22, "column": 0 },
        "end": { "line": 22, "column": 3 }
      },
      "22": {
        "start": { "line": 23, "column": 0 },
        "end": { "line": 23, "column": 0 }
      },
      "23": {
        "start": { "line": 24, "column": 0 },
        "end": { "line": 24, "column": 46 }
      },
      "24": {
        "start": { "line": 25, "column": 0 },
        "end": { "line": 25, "column": 66 }
      },
      "25": {
        "start": { "line": 26, "column": 0 },
        "end": { "line": 26, "column": 28 }
      },
      "26": {
        "start": { "line": 27, "column": 0 },
        "end": { "line": 27, "column": 3 }
      },
      "27": {
        "start": { "line": 28, "column": 0 },
        "end": { "line": 28, "column": 0 }
      },
      "28": {
        "start": { "line": 29, "column": 0 },
        "end": { "line": 29, "column": 45 }
      },
      "29": {
        "start": { "line": 30, "column": 0 },
        "end": { "line": 30, "column": 65 }
      },
      "30": {
        "start": { "line": 31, "column": 0 },
        "end": { "line": 31, "column": 27 }
      },
      "31": {
        "start": { "line": 32, "column": 0 },
        "end": { "line": 32, "column": 3 }
      },
      "32": {
        "start": { "line": 33, "column": 0 },
        "end": { "line": 33, "column": 1 }
      }
    },
    "s": {
      "0": 1,
      "1": 1,
      "2": 1,
      "3": 1,
      "4": 2,
      "5": 1,
      "6": 1,
      "7": 2,
      "8": 2,
      "9": 2,
      "10": 1,
      "11": 1,
      "12": 0,
      "13": 0,
      "14": 1,
      "15": 1,
      "16": 0,
      "17": 0,
      "18": 0,
      "19": 0,
      "20": 0,
      "21": 0,
      "22": 1,
      "23": 1,
      "24": 0,
      "25": 0,
      "26": 0,
      "27": 1,
      "28": 1,
      "29": 0,
      "30": 0,
      "31": 0,
      "32": 2
    },
    "branchMap": {
      "0": {
        "type": "branch",
        "line": 4,
        "loc": {
          "start": { "line": 4, "column": 2 },
          "end": { "line": 5, "column": 41 }
        },
        "locations": [
          {
            "start": { "line": 4, "column": 2 },
            "end": { "line": 5, "column": 41 }
          }
        ]
      },
      "1": {
        "type": "branch",
        "line": 7,
        "loc": {
          "start": { "line": 7, "column": 2 },
          "end": { "line": 10, "column": 3 }
        },
        "locations": [
          {
            "start": { "line": 7, "column": 2 },
            "end": { "line": 10, "column": 3 }
          }
        ]
      },
      "2": {
        "type": "branch",
        "line": 33,
        "loc": {
          "start": { "line": 33, "column": 0 },
          "end": { "line": 33, "column": 1 }
        },
        "locations": [
          {
            "start": { "line": 33, "column": 0 },
            "end": { "line": 33, "column": 1 }
          }
        ]
      }
    },
    "b": { "0": [2], "1": [2], "2": [2] },
    "fnMap": {
      "0": {
        "name": "<instance_members_initializer>",
        "decl": {
          "start": { "line": 4, "column": 2 },
          "end": { "line": 5, "column": 41 }
        },
        "loc": {
          "start": { "line": 4, "column": 2 },
          "end": { "line": 5, "column": 41 }
        },
        "line": 4
      },
      "1": {
        "name": "Assets",
        "decl": {
          "start": { "line": 7, "column": 2 },
          "end": { "line": 10, "column": 3 }
        },
        "loc": {
          "start": { "line": 7, "column": 2 },
          "end": { "line": 10, "column": 3 }
        },
        "line": 7
      },
      "2": {
        "name": "loadTileAssets",
        "decl": {
          "start": { "line": 12, "column": 2 },
          "end": { "line": 14, "column": 3 }
        },
        "loc": {
          "start": { "line": 12, "column": 2 },
          "end": { "line": 14, "column": 3 }
        },
        "line": 12
      },
      "3": {
        "name": "loadGemAssets",
        "decl": {
          "start": { "line": 16, "column": 2 },
          "end": { "line": 22, "column": 3 }
        },
        "loc": {
          "start": { "line": 16, "column": 2 },
          "end": { "line": 22, "column": 3 }
        },
        "line": 16
      },
      "4": {
        "name": "getTileTexture",
        "decl": {
          "start": { "line": 24, "column": 2 },
          "end": { "line": 27, "column": 3 }
        },
        "loc": {
          "start": { "line": 24, "column": 2 },
          "end": { "line": 27, "column": 3 }
        },
        "line": 24
      },
      "5": {
        "name": "getGemTexture",
        "decl": {
          "start": { "line": 29, "column": 2 },
          "end": { "line": 32, "column": 3 }
        },
        "loc": {
          "start": { "line": 29, "column": 2 },
          "end": { "line": 32, "column": 3 }
        },
        "line": 29
      },
      "6": {
        "name": "get",
        "decl": {
          "start": { "line": 33, "column": 0 },
          "end": { "line": 33, "column": 1 }
        },
        "loc": {
          "start": { "line": 33, "column": 0 },
          "end": { "line": 33, "column": 1 }
        },
        "line": 33
      }
    },
    "f": { "0": 2, "1": 2, "2": 0, "3": 0, "4": 0, "5": 0, "6": 2 }
  },
  "/Users/km/dev/prv/mini-dev/sandcrusher-web/src/lib/board.ts": {
    "path": "/Users/km/dev/prv/mini-dev/sandcrusher-web/src/lib/board.ts",
    "all": false,
    "statementMap": {
      "0": {
        "start": { "line": 1, "column": 0 },
        "end": { "line": 1, "column": 32 }
      },
      "1": {
        "start": { "line": 2, "column": 0 },
        "end": { "line": 2, "column": 32 }
      },
      "2": {
        "start": { "line": 3, "column": 0 },
        "end": { "line": 3, "column": 30 }
      },
      "3": {
        "start": { "line": 4, "column": 0 },
        "end": { "line": 4, "column": 0 }
      },
      "4": {
        "start": { "line": 5, "column": 0 },
        "end": { "line": 5, "column": 20 }
      },
      "5": {
        "start": { "line": 6, "column": 0 },
        "end": { "line": 6, "column": 18 }
      },
      "6": {
        "start": { "line": 7, "column": 0 },
        "end": { "line": 7, "column": 15 }
      },
      "7": {
        "start": { "line": 8, "column": 0 },
        "end": { "line": 8, "column": 16 }
      },
      "8": {
        "start": { "line": 9, "column": 0 },
        "end": { "line": 9, "column": 0 }
      },
      "9": {
        "start": { "line": 10, "column": 0 },
        "end": { "line": 10, "column": 46 }
      },
      "10": {
        "start": { "line": 11, "column": 0 },
        "end": { "line": 11, "column": 27 }
      },
      "11": {
        "start": { "line": 12, "column": 0 },
        "end": { "line": 12, "column": 21 }
      },
      "12": {
        "start": { "line": 13, "column": 0 },
        "end": { "line": 13, "column": 20 }
      },
      "13": {
        "start": { "line": 14, "column": 0 },
        "end": { "line": 14, "column": 3 }
      },
      "14": {
        "start": { "line": 15, "column": 0 },
        "end": { "line": 15, "column": 0 }
      },
      "15": {
        "start": { "line": 16, "column": 0 },
        "end": { "line": 16, "column": 48 }
      },
      "16": {
        "start": { "line": 17, "column": 0 },
        "end": { "line": 17, "column": 52 }
      },
      "17": {
        "start": { "line": 18, "column": 0 },
        "end": { "line": 18, "column": 17 }
      },
      "18": {
        "start": { "line": 19, "column": 0 },
        "end": { "line": 19, "column": 47 }
      },
      "19": {
        "start": { "line": 20, "column": 0 },
        "end": { "line": 20, "column": 3 }
      },
      "20": {
        "start": { "line": 21, "column": 0 },
        "end": { "line": 21, "column": 0 }
      },
      "21": {
        "start": { "line": 22, "column": 0 },
        "end": { "line": 22, "column": 52 }
      },
      "22": {
        "start": { "line": 23, "column": 0 },
        "end": { "line": 23, "column": 39 }
      },
      "23": {
        "start": { "line": 24, "column": 0 },
        "end": { "line": 24, "column": 37 }
      },
      "24": {
        "start": { "line": 25, "column": 0 },
        "end": { "line": 25, "column": 0 }
      },
      "25": {
        "start": { "line": 26, "column": 0 },
        "end": { "line": 26, "column": 34 }
      },
      "26": {
        "start": { "line": 27, "column": 0 },
        "end": { "line": 27, "column": 61 }
      },
      "27": {
        "start": { "line": 28, "column": 0 },
        "end": { "line": 28, "column": 71 }
      },
      "28": {
        "start": { "line": 29, "column": 0 },
        "end": { "line": 29, "column": 55 }
      },
      "29": {
        "start": { "line": 30, "column": 0 },
        "end": { "line": 30, "column": 29 }
      },
      "30": {
        "start": { "line": 31, "column": 0 },
        "end": { "line": 31, "column": 7 }
      },
      "31": {
        "start": { "line": 32, "column": 0 },
        "end": { "line": 32, "column": 3 }
      },
      "32": {
        "start": { "line": 33, "column": 0 },
        "end": { "line": 33, "column": 0 }
      },
      "33": {
        "start": { "line": 34, "column": 0 },
        "end": { "line": 34, "column": 22 }
      },
      "34": {
        "start": { "line": 35, "column": 0 },
        "end": { "line": 35, "column": 22 }
      },
      "35": {
        "start": { "line": 36, "column": 0 },
        "end": { "line": 36, "column": 3 }
      },
      "36": {
        "start": { "line": 37, "column": 0 },
        "end": { "line": 37, "column": 0 }
      },
      "37": {
        "start": { "line": 38, "column": 0 },
        "end": { "line": 38, "column": 27 }
      },
      "38": {
        "start": { "line": 39, "column": 0 },
        "end": { "line": 39, "column": 63 }
      },
      "39": {
        "start": { "line": 40, "column": 0 },
        "end": { "line": 40, "column": 3 }
      },
      "40": {
        "start": { "line": 41, "column": 0 },
        "end": { "line": 41, "column": 0 }
      },
      "41": {
        "start": { "line": 42, "column": 0 },
        "end": { "line": 42, "column": 36 }
      },
      "42": {
        "start": { "line": 43, "column": 0 },
        "end": { "line": 43, "column": 61 }
      },
      "43": {
        "start": { "line": 44, "column": 0 },
        "end": { "line": 44, "column": 36 }
      },
      "44": {
        "start": { "line": 45, "column": 0 },
        "end": { "line": 45, "column": 0 }
      },
      "45": {
        "start": { "line": 46, "column": 0 },
        "end": { "line": 46, "column": 67 }
      },
      "46": {
        "start": { "line": 47, "column": 0 },
        "end": { "line": 47, "column": 42 }
      },
      "47": {
        "start": { "line": 48, "column": 0 },
        "end": { "line": 48, "column": 0 }
      },
      "48": {
        "start": { "line": 49, "column": 0 },
        "end": { "line": 49, "column": 34 }
      },
      "49": {
        "start": { "line": 50, "column": 0 },
        "end": { "line": 50, "column": 0 }
      },
      "50": {
        "start": { "line": 51, "column": 0 },
        "end": { "line": 51, "column": 21 }
      },
      "51": {
        "start": { "line": 52, "column": 0 },
        "end": { "line": 52, "column": 33 }
      },
      "52": {
        "start": { "line": 53, "column": 0 },
        "end": { "line": 53, "column": 29 }
      },
      "53": {
        "start": { "line": 54, "column": 0 },
        "end": { "line": 54, "column": 18 }
      },
      "54": {
        "start": { "line": 55, "column": 0 },
        "end": { "line": 55, "column": 14 }
      },
      "55": {
        "start": { "line": 56, "column": 0 },
        "end": { "line": 56, "column": 6 }
      },
      "56": {
        "start": { "line": 57, "column": 0 },
        "end": { "line": 57, "column": 0 }
      },
      "57": {
        "start": { "line": 58, "column": 0 },
        "end": { "line": 58, "column": 52 }
      },
      "58": {
        "start": { "line": 59, "column": 0 },
        "end": { "line": 59, "column": 43 }
      },
      "59": {
        "start": { "line": 60, "column": 0 },
        "end": { "line": 60, "column": 6 }
      },
      "60": {
        "start": { "line": 61, "column": 0 },
        "end": { "line": 61, "column": 0 }
      },
      "61": {
        "start": { "line": 62, "column": 0 },
        "end": { "line": 62, "column": 36 }
      },
      "62": {
        "start": { "line": 63, "column": 0 },
        "end": { "line": 63, "column": 3 }
      },
      "63": {
        "start": { "line": 64, "column": 0 },
        "end": { "line": 64, "column": 0 }
      },
      "64": {
        "start": { "line": 65, "column": 0 },
        "end": { "line": 65, "column": 61 }
      },
      "65": {
        "start": { "line": 66, "column": 0 },
        "end": { "line": 66, "column": 55 }
      },
      "66": {
        "start": { "line": 67, "column": 0 },
        "end": { "line": 67, "column": 23 }
      },
      "67": {
        "start": { "line": 68, "column": 0 },
        "end": { "line": 68, "column": 27 }
      },
      "68": {
        "start": { "line": 69, "column": 0 },
        "end": { "line": 69, "column": 31 }
      },
      "69": {
        "start": { "line": 70, "column": 0 },
        "end": { "line": 70, "column": 42 }
      },
      "70": {
        "start": { "line": 71, "column": 0 },
        "end": { "line": 71, "column": 46 }
      },
      "71": {
        "start": { "line": 72, "column": 0 },
        "end": { "line": 72, "column": 6 }
      },
      "72": {
        "start": { "line": 73, "column": 0 },
        "end": { "line": 73, "column": 0 }
      },
      "73": {
        "start": { "line": 74, "column": 0 },
        "end": { "line": 74, "column": 74 }
      },
      "74": {
        "start": { "line": 75, "column": 0 },
        "end": { "line": 75, "column": 0 }
      },
      "75": {
        "start": { "line": 76, "column": 0 },
        "end": { "line": 76, "column": 43 }
      },
      "76": {
        "start": { "line": 77, "column": 0 },
        "end": { "line": 77, "column": 3 }
      },
      "77": {
        "start": { "line": 78, "column": 0 },
        "end": { "line": 78, "column": 1 }
      }
    },
    "s": {
      "0": 1,
      "1": 1,
      "2": 1,
      "3": 1,
      "4": 1,
      "5": 1,
      "6": 6,
      "7": 6,
      "8": 1,
      "9": 1,
      "10": 6,
      "11": 6,
      "12": 6,
      "13": 6,
      "14": 1,
      "15": 1,
      "16": 4,
      "17": 4,
      "18": 4,
      "19": 4,
      "20": 1,
      "21": 1,
      "22": 2,
      "23": 2,
      "24": 2,
      "25": 2,
      "26": 100,
      "27": 100,
      "28": 100,
      "29": 100,
      "30": 2,
      "31": 2,
      "32": 1,
      "33": 1,
      "34": 1,
      "35": 1,
      "36": 1,
      "37": 1,
      "38": 2,
      "39": 2,
      "40": 1,
      "41": 1,
      "42": 6,
      "43": 6,
      "44": 6,
      "45": 6,
      "46": 6,
      "47": 5,
      "48": 5,
      "49": 5,
      "50": 5,
      "51": 5,
      "52": 5,
      "53": 5,
      "54": 5,
      "55": 5,
      "56": 5,
      "57": 5,
      "58": 20,
      "59": 5,
      "60": 5,
      "61": 5,
      "62": 6,
      "63": 1,
      "64": 1,
      "65": 20,
      "66": 20,
      "67": 20,
      "68": 20,
      "69": 20,
      "70": 20,
      "71": 20,
      "72": 20,
      "73": 20,
      "74": 20,
      "75": 20,
      "76": 20,
      "77": 6
    },
    "branchMap": {
      "0": {
        "type": "branch",
        "line": 6,
        "loc": {
          "start": { "line": 6, "column": 2 },
          "end": { "line": 8, "column": 16 }
        },
        "locations": [
          {
            "start": { "line": 6, "column": 2 },
            "end": { "line": 8, "column": 16 }
          }
        ]
      },
      "1": {
        "type": "branch",
        "line": 10,
        "loc": {
          "start": { "line": 10, "column": 2 },
          "end": { "line": 14, "column": 3 }
        },
        "locations": [
          {
            "start": { "line": 10, "column": 2 },
            "end": { "line": 14, "column": 3 }
          }
        ]
      },
      "2": {
        "type": "branch",
        "line": 16,
        "loc": {
          "start": { "line": 16, "column": 2 },
          "end": { "line": 20, "column": 3 }
        },
        "locations": [
          {
            "start": { "line": 16, "column": 2 },
            "end": { "line": 20, "column": 3 }
          }
        ]
      },
      "3": {
        "type": "branch",
        "line": 19,
        "loc": {
          "start": { "line": 19, "column": 11 },
          "end": { "line": 19, "column": 45 }
        },
        "locations": [
          {
            "start": { "line": 19, "column": 11 },
            "end": { "line": 19, "column": 45 }
          }
        ]
      },
      "4": {
        "type": "branch",
        "line": 22,
        "loc": {
          "start": { "line": 22, "column": 2 },
          "end": { "line": 32, "column": 3 }
        },
        "locations": [
          {
            "start": { "line": 22, "column": 2 },
            "end": { "line": 32, "column": 3 }
          }
        ]
      },
      "5": {
        "type": "branch",
        "line": 26,
        "loc": {
          "start": { "line": 26, "column": 23 },
          "end": { "line": 31, "column": 5 }
        },
        "locations": [
          {
            "start": { "line": 26, "column": 23 },
            "end": { "line": 31, "column": 5 }
          }
        ]
      },
      "6": {
        "type": "branch",
        "line": 34,
        "loc": {
          "start": { "line": 34, "column": 2 },
          "end": { "line": 36, "column": 3 }
        },
        "locations": [
          {
            "start": { "line": 34, "column": 2 },
            "end": { "line": 36, "column": 3 }
          }
        ]
      },
      "7": {
        "type": "branch",
        "line": 38,
        "loc": {
          "start": { "line": 38, "column": 2 },
          "end": { "line": 40, "column": 3 }
        },
        "locations": [
          {
            "start": { "line": 38, "column": 2 },
            "end": { "line": 40, "column": 3 }
          }
        ]
      },
      "8": {
        "type": "branch",
        "line": 39,
        "loc": {
          "start": { "line": 39, "column": 29 },
          "end": { "line": 39, "column": 61 }
        },
        "locations": [
          {
            "start": { "line": 39, "column": 29 },
            "end": { "line": 39, "column": 61 }
          }
        ]
      },
      "9": {
        "type": "branch",
        "line": 42,
        "loc": {
          "start": { "line": 42, "column": 2 },
          "end": { "line": 63, "column": 3 }
        },
        "locations": [
          {
            "start": { "line": 42, "column": 2 },
            "end": { "line": 63, "column": 3 }
          }
        ]
      },
      "10": {
        "type": "branch",
        "line": 47,
        "loc": {
          "start": { "line": 47, "column": 32 },
          "end": { "line": 47, "column": 42 }
        },
        "locations": [
          {
            "start": { "line": 47, "column": 32 },
            "end": { "line": 47, "column": 42 }
          }
        ]
      },
      "11": {
        "type": "branch",
        "line": 47,
        "loc": {
          "start": { "line": 47, "column": 40 },
          "end": { "line": 62, "column": 36 }
        },
        "locations": [
          {
            "start": { "line": 47, "column": 40 },
            "end": { "line": 62, "column": 36 }
          }
        ]
      },
      "12": {
        "type": "branch",
        "line": 58,
        "loc": {
          "start": { "line": 58, "column": 39 },
          "end": { "line": 59, "column": 43 }
        },
        "locations": [
          {
            "start": { "line": 58, "column": 39 },
            "end": { "line": 59, "column": 43 }
          }
        ]
      },
      "13": {
        "type": "branch",
        "line": 65,
        "loc": {
          "start": { "line": 65, "column": 10 },
          "end": { "line": 77, "column": 3 }
        },
        "locations": [
          {
            "start": { "line": 65, "column": 10 },
            "end": { "line": 77, "column": 3 }
          }
        ]
      },
      "14": {
        "type": "branch",
        "line": 76,
        "loc": {
          "start": { "line": 76, "column": 28 },
          "end": { "line": 76, "column": 40 }
        },
        "locations": [
          {
            "start": { "line": 76, "column": 28 },
            "end": { "line": 76, "column": 40 }
          }
        ]
      },
      "15": {
        "type": "branch",
        "line": 76,
        "loc": {
          "start": { "line": 76, "column": 32 },
          "end": { "line": 76, "column": 43 }
        },
        "locations": [
          {
            "start": { "line": 76, "column": 32 },
            "end": { "line": 76, "column": 43 }
          }
        ]
      },
      "16": {
        "type": "branch",
        "line": 74,
        "loc": {
          "start": { "line": 74, "column": 35 },
          "end": { "line": 74, "column": 72 }
        },
        "locations": [
          {
            "start": { "line": 74, "column": 35 },
            "end": { "line": 74, "column": 72 }
          }
        ]
      },
      "17": {
        "type": "branch",
        "line": 74,
        "loc": {
          "start": { "line": 74, "column": 45 },
          "end": { "line": 74, "column": 56 }
        },
        "locations": [
          {
            "start": { "line": 74, "column": 45 },
            "end": { "line": 74, "column": 56 }
          }
        ]
      },
      "18": {
        "type": "branch",
        "line": 74,
        "loc": {
          "start": { "line": 74, "column": 51 },
          "end": { "line": 74, "column": 65 }
        },
        "locations": [
          {
            "start": { "line": 74, "column": 51 },
            "end": { "line": 74, "column": 65 }
          }
        ]
      },
      "19": {
        "type": "branch",
        "line": 78,
        "loc": {
          "start": { "line": 78, "column": 0 },
          "end": { "line": 78, "column": 1 }
        },
        "locations": [
          {
            "start": { "line": 78, "column": 0 },
            "end": { "line": 78, "column": 1 }
          }
        ]
      }
    },
    "b": {
      "0": [6],
      "1": [6],
      "2": [4],
      "3": [400],
      "4": [2],
      "5": [100],
      "6": [1],
      "7": [2],
      "8": [200],
      "9": [6],
      "10": [1],
      "11": [5],
      "12": [20],
      "13": [20],
      "14": [4],
      "15": [16],
      "16": [80],
      "17": [54],
      "18": [50],
      "19": [6]
    },
    "fnMap": {
      "0": {
        "name": "<instance_members_initializer>",
        "decl": {
          "start": { "line": 6, "column": 2 },
          "end": { "line": 8, "column": 16 }
        },
        "loc": {
          "start": { "line": 6, "column": 2 },
          "end": { "line": 8, "column": 16 }
        },
        "line": 6
      },
      "1": {
        "name": "Board",
        "decl": {
          "start": { "line": 10, "column": 2 },
          "end": { "line": 14, "column": 3 }
        },
        "loc": {
          "start": { "line": 10, "column": 2 },
          "end": { "line": 14, "column": 3 }
        },
        "line": 10
      },
      "2": {
        "name": "createTiles",
        "decl": {
          "start": { "line": 16, "column": 2 },
          "end": { "line": 20, "column": 3 }
        },
        "loc": {
          "start": { "line": 16, "column": 2 },
          "end": { "line": 20, "column": 3 }
        },
        "line": 16
      },
      "3": {
        "name": "resizeTiles",
        "decl": {
          "start": { "line": 22, "column": 2 },
          "end": { "line": 32, "column": 3 }
        },
        "loc": {
          "start": { "line": 22, "column": 2 },
          "end": { "line": 32, "column": 3 }
        },
        "line": 22
      },
      "4": {
        "name": "getTiles",
        "decl": {
          "start": { "line": 34, "column": 2 },
          "end": { "line": 36, "column": 3 }
        },
        "loc": {
          "start": { "line": 34, "column": 2 },
          "end": { "line": 36, "column": 3 }
        },
        "line": 34
      },
      "5": {
        "name": "getEmptyTiles",
        "decl": {
          "start": { "line": 38, "column": 2 },
          "end": { "line": 40, "column": 3 }
        },
        "loc": {
          "start": { "line": 38, "column": 2 },
          "end": { "line": 40, "column": 3 }
        },
        "line": 38
      },
      "6": {
        "name": "checkMatches",
        "decl": {
          "start": { "line": 42, "column": 2 },
          "end": { "line": 63, "column": 3 }
        },
        "loc": {
          "start": { "line": 42, "column": 2 },
          "end": { "line": 63, "column": 3 }
        },
        "line": 42
      },
      "7": {
        "name": "slidingWindow",
        "decl": {
          "start": { "line": 65, "column": 10 },
          "end": { "line": 77, "column": 3 }
        },
        "loc": {
          "start": { "line": 65, "column": 10 },
          "end": { "line": 77, "column": 3 }
        },
        "line": 65
      },
      "8": {
        "name": "get",
        "decl": {
          "start": { "line": 78, "column": 0 },
          "end": { "line": 78, "column": 1 }
        },
        "loc": {
          "start": { "line": 78, "column": 0 },
          "end": { "line": 78, "column": 1 }
        },
        "line": 78
      }
    },
    "f": {
      "0": 6,
      "1": 6,
      "2": 4,
      "3": 2,
      "4": 1,
      "5": 2,
      "6": 6,
      "7": 20,
      "8": 6
    }
  },
  "/Users/km/dev/prv/mini-dev/sandcrusher-web/src/lib/gem.ts": {
    "path": "/Users/km/dev/prv/mini-dev/sandcrusher-web/src/lib/gem.ts",
    "all": false,
    "statementMap": {
      "0": {
        "start": { "line": 1, "column": 0 },
        "end": { "line": 1, "column": 32 }
      },
      "1": {
        "start": { "line": 2, "column": 0 },
        "end": { "line": 2, "column": 38 }
      },
      "2": {
        "start": { "line": 3, "column": 0 },
        "end": { "line": 3, "column": 30 }
      },
      "3": {
        "start": { "line": 4, "column": 0 },
        "end": { "line": 4, "column": 0 }
      },
      "4": {
        "start": { "line": 5, "column": 0 },
        "end": { "line": 5, "column": 21 }
      },
      "5": {
        "start": { "line": 6, "column": 0 },
        "end": { "line": 6, "column": 14 }
      },
      "6": {
        "start": { "line": 7, "column": 0 },
        "end": { "line": 7, "column": 16 }
      },
      "7": {
        "start": { "line": 8, "column": 0 },
        "end": { "line": 8, "column": 18 }
      },
      "8": {
        "start": { "line": 9, "column": 0 },
        "end": { "line": 9, "column": 20 }
      },
      "9": {
        "start": { "line": 10, "column": 0 },
        "end": { "line": 10, "column": 20 }
      },
      "10": {
        "start": { "line": 11, "column": 0 },
        "end": { "line": 11, "column": 1 }
      },
      "11": {
        "start": { "line": 12, "column": 0 },
        "end": { "line": 12, "column": 0 }
      },
      "12": {
        "start": { "line": 13, "column": 0 },
        "end": { "line": 13, "column": 18 }
      },
      "13": {
        "start": { "line": 14, "column": 0 },
        "end": { "line": 14, "column": 22 }
      },
      "14": {
        "start": { "line": 15, "column": 0 },
        "end": { "line": 15, "column": 16 }
      },
      "15": {
        "start": { "line": 16, "column": 0 },
        "end": { "line": 16, "column": 16 }
      },
      "16": {
        "start": { "line": 17, "column": 0 },
        "end": { "line": 17, "column": 25 }
      },
      "17": {
        "start": { "line": 18, "column": 0 },
        "end": { "line": 18, "column": 0 }
      },
      "18": {
        "start": { "line": 19, "column": 0 },
        "end": { "line": 19, "column": 53 }
      },
      "19": {
        "start": { "line": 20, "column": 0 },
        "end": { "line": 20, "column": 43 }
      },
      "20": {
        "start": { "line": 21, "column": 0 },
        "end": { "line": 21, "column": 32 }
      },
      "21": {
        "start": { "line": 22, "column": 0 },
        "end": { "line": 22, "column": 21 }
      },
      "22": {
        "start": { "line": 23, "column": 0 },
        "end": { "line": 23, "column": 19 }
      },
      "23": {
        "start": { "line": 24, "column": 0 },
        "end": { "line": 24, "column": 26 }
      },
      "24": {
        "start": { "line": 25, "column": 0 },
        "end": { "line": 25, "column": 3 }
      },
      "25": {
        "start": { "line": 26, "column": 0 },
        "end": { "line": 26, "column": 0 }
      },
      "26": {
        "start": { "line": 27, "column": 0 },
        "end": { "line": 27, "column": 16 }
      },
      "27": {
        "start": { "line": 28, "column": 0 },
        "end": { "line": 28, "column": 26 }
      },
      "28": {
        "start": { "line": 29, "column": 0 },
        "end": { "line": 29, "column": 67 }
      },
      "29": {
        "start": { "line": 30, "column": 0 },
        "end": { "line": 30, "column": 3 }
      },
      "30": {
        "start": { "line": 31, "column": 0 },
        "end": { "line": 31, "column": 1 }
      }
    },
    "s": {
      "0": 1,
      "1": 1,
      "2": 1,
      "3": 1,
      "4": 1,
      "5": 1,
      "6": 1,
      "7": 1,
      "8": 1,
      "9": 1,
      "10": 1,
      "11": 1,
      "12": 1,
      "13": 1,
      "14": 3,
      "15": 3,
      "16": 3,
      "17": 1,
      "18": 1,
      "19": 3,
      "20": 3,
      "21": 3,
      "22": 3,
      "23": 3,
      "24": 3,
      "25": 1,
      "26": 1,
      "27": 0,
      "28": 0,
      "29": 0,
      "30": 3
    },
    "branchMap": {
      "0": {
        "type": "branch",
        "line": 5,
        "loc": {
          "start": { "line": 5, "column": 7 },
          "end": { "line": 5, "column": 21 }
        },
        "locations": [
          {
            "start": { "line": 5, "column": 7 },
            "end": { "line": 5, "column": 21 }
          }
        ]
      },
      "1": {
        "type": "branch",
        "line": 5,
        "loc": {
          "start": { "line": 5, "column": 12 },
          "end": { "line": 5, "column": 21 }
        },
        "locations": [
          {
            "start": { "line": 5, "column": 12 },
            "end": { "line": 5, "column": 21 }
          }
        ]
      },
      "2": {
        "type": "branch",
        "line": 14,
        "loc": {
          "start": { "line": 14, "column": 2 },
          "end": { "line": 17, "column": 25 }
        },
        "locations": [
          {
            "start": { "line": 14, "column": 2 },
            "end": { "line": 17, "column": 25 }
          }
        ]
      },
      "3": {
        "type": "branch",
        "line": 19,
        "loc": {
          "start": { "line": 19, "column": 2 },
          "end": { "line": 25, "column": 3 }
        },
        "locations": [
          {
            "start": { "line": 19, "column": 2 },
            "end": { "line": 25, "column": 3 }
          }
        ]
      },
      "4": {
        "type": "branch",
        "line": 31,
        "loc": {
          "start": { "line": 31, "column": 0 },
          "end": { "line": 31, "column": 1 }
        },
        "locations": [
          {
            "start": { "line": 31, "column": 0 },
            "end": { "line": 31, "column": 1 }
          }
        ]
      }
    },
    "b": { "0": [2], "1": [3], "2": [3], "3": [3], "4": [3] },
    "fnMap": {
      "0": {
        "name": "get",
        "decl": {
          "start": { "line": 5, "column": 12 },
          "end": { "line": 5, "column": 21 }
        },
        "loc": {
          "start": { "line": 5, "column": 12 },
          "end": { "line": 5, "column": 21 }
        },
        "line": 5
      },
      "1": {
        "name": "<instance_members_initializer>",
        "decl": {
          "start": { "line": 14, "column": 2 },
          "end": { "line": 17, "column": 25 }
        },
        "loc": {
          "start": { "line": 14, "column": 2 },
          "end": { "line": 17, "column": 25 }
        },
        "line": 14
      },
      "2": {
        "name": "Gem",
        "decl": {
          "start": { "line": 19, "column": 2 },
          "end": { "line": 25, "column": 3 }
        },
        "loc": {
          "start": { "line": 19, "column": 2 },
          "end": { "line": 25, "column": 3 }
        },
        "line": 19
      },
      "3": {
        "name": "show",
        "decl": {
          "start": { "line": 27, "column": 2 },
          "end": { "line": 30, "column": 3 }
        },
        "loc": {
          "start": { "line": 27, "column": 2 },
          "end": { "line": 30, "column": 3 }
        },
        "line": 27
      },
      "4": {
        "name": "get",
        "decl": {
          "start": { "line": 31, "column": 0 },
          "end": { "line": 31, "column": 1 }
        },
        "loc": {
          "start": { "line": 31, "column": 0 },
          "end": { "line": 31, "column": 1 }
        },
        "line": 31
      }
    },
    "f": { "0": 3, "1": 3, "2": 3, "3": 0, "4": 3 }
  },
  "/Users/km/dev/prv/mini-dev/sandcrusher-web/src/lib/main.ts": {
    "path": "/Users/km/dev/prv/mini-dev/sandcrusher-web/src/lib/main.ts",
    "all": false,
    "statementMap": {
      "0": {
        "start": { "line": 1, "column": 0 },
        "end": { "line": 1, "column": 32 }
      },
      "1": {
        "start": { "line": 2, "column": 0 },
        "end": { "line": 2, "column": 38 }
      },
      "2": {
        "start": { "line": 3, "column": 0 },
        "end": { "line": 3, "column": 34 }
      },
      "3": {
        "start": { "line": 4, "column": 0 },
        "end": { "line": 4, "column": 32 }
      },
      "4": {
        "start": { "line": 5, "column": 0 },
        "end": { "line": 5, "column": 37 }
      },
      "5": {
        "start": { "line": 6, "column": 0 },
        "end": { "line": 6, "column": 30 }
      },
      "6": {
        "start": { "line": 7, "column": 0 },
        "end": { "line": 7, "column": 45 }
      },
      "7": {
        "start": { "line": 8, "column": 0 },
        "end": { "line": 8, "column": 0 }
      },
      "8": {
        "start": { "line": 9, "column": 0 },
        "end": { "line": 9, "column": 19 }
      },
      "9": {
        "start": { "line": 10, "column": 0 },
        "end": { "line": 10, "column": 38 }
      },
      "10": {
        "start": { "line": 11, "column": 0 },
        "end": { "line": 11, "column": 15 }
      },
      "11": {
        "start": { "line": 12, "column": 0 },
        "end": { "line": 12, "column": 17 }
      },
      "12": {
        "start": { "line": 13, "column": 0 },
        "end": { "line": 13, "column": 26 }
      },
      "13": {
        "start": { "line": 14, "column": 0 },
        "end": { "line": 14, "column": 58 }
      },
      "14": {
        "start": { "line": 15, "column": 0 },
        "end": { "line": 15, "column": 25 }
      },
      "15": {
        "start": { "line": 16, "column": 0 },
        "end": { "line": 16, "column": 38 }
      },
      "16": {
        "start": { "line": 17, "column": 0 },
        "end": { "line": 17, "column": 44 }
      },
      "17": {
        "start": { "line": 18, "column": 0 },
        "end": { "line": 18, "column": 35 }
      },
      "18": {
        "start": { "line": 19, "column": 0 },
        "end": { "line": 19, "column": 37 }
      },
      "19": {
        "start": { "line": 20, "column": 0 },
        "end": { "line": 20, "column": 0 }
      },
      "20": {
        "start": { "line": 21, "column": 0 },
        "end": { "line": 21, "column": 46 }
      },
      "21": {
        "start": { "line": 22, "column": 0 },
        "end": { "line": 22, "column": 33 }
      },
      "22": {
        "start": { "line": 23, "column": 0 },
        "end": { "line": 23, "column": 31 }
      },
      "23": {
        "start": { "line": 24, "column": 0 },
        "end": { "line": 24, "column": 42 }
      },
      "24": {
        "start": { "line": 25, "column": 0 },
        "end": { "line": 25, "column": 35 }
      },
      "25": {
        "start": { "line": 26, "column": 0 },
        "end": { "line": 26, "column": 32 }
      },
      "26": {
        "start": { "line": 27, "column": 0 },
        "end": { "line": 27, "column": 36 }
      },
      "27": {
        "start": { "line": 28, "column": 0 },
        "end": { "line": 28, "column": 38 }
      },
      "28": {
        "start": { "line": 29, "column": 0 },
        "end": { "line": 29, "column": 42 }
      },
      "29": {
        "start": { "line": 30, "column": 0 },
        "end": { "line": 30, "column": 46 }
      },
      "30": {
        "start": { "line": 31, "column": 0 },
        "end": { "line": 31, "column": 58 }
      },
      "31": {
        "start": { "line": 32, "column": 0 },
        "end": { "line": 32, "column": 3 }
      },
      "32": {
        "start": { "line": 33, "column": 0 },
        "end": { "line": 33, "column": 0 }
      },
      "33": {
        "start": { "line": 34, "column": 0 },
        "end": { "line": 34, "column": 34 }
      },
      "34": {
        "start": { "line": 35, "column": 0 },
        "end": { "line": 35, "column": 21 }
      },
      "35": {
        "start": { "line": 36, "column": 0 },
        "end": { "line": 36, "column": 25 }
      },
      "36": {
        "start": { "line": 37, "column": 0 },
        "end": { "line": 37, "column": 6 }
      },
      "37": {
        "start": { "line": 38, "column": 0 },
        "end": { "line": 38, "column": 0 }
      },
      "38": {
        "start": { "line": 39, "column": 0 },
        "end": { "line": 39, "column": 46 }
      },
      "39": {
        "start": { "line": 40, "column": 0 },
        "end": { "line": 40, "column": 56 }
      },
      "40": {
        "start": { "line": 41, "column": 0 },
        "end": { "line": 41, "column": 0 }
      },
      "41": {
        "start": { "line": 42, "column": 0 },
        "end": { "line": 42, "column": 15 }
      },
      "42": {
        "start": { "line": 43, "column": 0 },
        "end": { "line": 43, "column": 3 }
      },
      "43": {
        "start": { "line": 44, "column": 0 },
        "end": { "line": 44, "column": 0 }
      },
      "44": {
        "start": { "line": 45, "column": 0 },
        "end": { "line": 45, "column": 53 }
      },
      "45": {
        "start": { "line": 46, "column": 0 },
        "end": { "line": 46, "column": 35 }
      },
      "46": {
        "start": { "line": 47, "column": 0 },
        "end": { "line": 47, "column": 0 }
      },
      "47": {
        "start": { "line": 48, "column": 0 },
        "end": { "line": 48, "column": 55 }
      },
      "48": {
        "start": { "line": 49, "column": 0 },
        "end": { "line": 49, "column": 18 }
      },
      "49": {
        "start": { "line": 50, "column": 0 },
        "end": { "line": 50, "column": 3 }
      },
      "50": {
        "start": { "line": 51, "column": 0 },
        "end": { "line": 51, "column": 0 }
      },
      "51": {
        "start": { "line": 52, "column": 0 },
        "end": { "line": 52, "column": 18 }
      },
      "52": {
        "start": { "line": 53, "column": 0 },
        "end": { "line": 53, "column": 36 }
      },
      "53": {
        "start": { "line": 54, "column": 0 },
        "end": { "line": 54, "column": 0 }
      },
      "54": {
        "start": { "line": 55, "column": 0 },
        "end": { "line": 55, "column": 49 }
      },
      "55": {
        "start": { "line": 56, "column": 0 },
        "end": { "line": 56, "column": 51 }
      },
      "56": {
        "start": { "line": 57, "column": 0 },
        "end": { "line": 57, "column": 0 }
      },
      "57": {
        "start": { "line": 58, "column": 0 },
        "end": { "line": 58, "column": 25 }
      },
      "58": {
        "start": { "line": 59, "column": 0 },
        "end": { "line": 59, "column": 47 }
      },
      "59": {
        "start": { "line": 60, "column": 0 },
        "end": { "line": 60, "column": 12 }
      },
      "60": {
        "start": { "line": 61, "column": 0 },
        "end": { "line": 61, "column": 45 }
      },
      "61": {
        "start": { "line": 62, "column": 0 },
        "end": { "line": 62, "column": 5 }
      },
      "62": {
        "start": { "line": 63, "column": 0 },
        "end": { "line": 63, "column": 0 }
      },
      "63": {
        "start": { "line": 64, "column": 0 },
        "end": { "line": 64, "column": 41 }
      },
      "64": {
        "start": { "line": 65, "column": 0 },
        "end": { "line": 65, "column": 39 }
      },
      "65": {
        "start": { "line": 66, "column": 0 },
        "end": { "line": 66, "column": 3 }
      },
      "66": {
        "start": { "line": 67, "column": 0 },
        "end": { "line": 67, "column": 0 }
      },
      "67": {
        "start": { "line": 68, "column": 0 },
        "end": { "line": 68, "column": 31 }
      },
      "68": {
        "start": { "line": 69, "column": 0 },
        "end": { "line": 69, "column": 39 }
      },
      "69": {
        "start": { "line": 70, "column": 0 },
        "end": { "line": 70, "column": 23 }
      },
      "70": {
        "start": { "line": 71, "column": 0 },
        "end": { "line": 71, "column": 66 }
      },
      "71": {
        "start": { "line": 72, "column": 0 },
        "end": { "line": 72, "column": 21 }
      },
      "72": {
        "start": { "line": 73, "column": 0 },
        "end": { "line": 73, "column": 32 }
      },
      "73": {
        "start": { "line": 74, "column": 0 },
        "end": { "line": 74, "column": 3 }
      },
      "74": {
        "start": { "line": 75, "column": 0 },
        "end": { "line": 75, "column": 0 }
      },
      "75": {
        "start": { "line": 76, "column": 0 },
        "end": { "line": 76, "column": 32 }
      },
      "76": {
        "start": { "line": 77, "column": 0 },
        "end": { "line": 77, "column": 53 }
      },
      "77": {
        "start": { "line": 78, "column": 0 },
        "end": { "line": 78, "column": 60 }
      },
      "78": {
        "start": { "line": 79, "column": 0 },
        "end": { "line": 79, "column": 3 }
      },
      "79": {
        "start": { "line": 80, "column": 0 },
        "end": { "line": 80, "column": 0 }
      },
      "80": {
        "start": { "line": 81, "column": 0 },
        "end": { "line": 81, "column": 23 }
      },
      "81": {
        "start": { "line": 82, "column": 0 },
        "end": { "line": 82, "column": 59 }
      },
      "82": {
        "start": { "line": 83, "column": 0 },
        "end": { "line": 83, "column": 40 }
      },
      "83": {
        "start": { "line": 84, "column": 0 },
        "end": { "line": 84, "column": 0 }
      },
      "84": {
        "start": { "line": 85, "column": 0 },
        "end": { "line": 85, "column": 40 }
      },
      "85": {
        "start": { "line": 86, "column": 0 },
        "end": { "line": 86, "column": 0 }
      },
      "86": {
        "start": { "line": 87, "column": 0 },
        "end": { "line": 87, "column": 29 }
      },
      "87": {
        "start": { "line": 88, "column": 0 },
        "end": { "line": 88, "column": 18 }
      },
      "88": {
        "start": { "line": 89, "column": 0 },
        "end": { "line": 89, "column": 66 }
      },
      "89": {
        "start": { "line": 90, "column": 0 },
        "end": { "line": 90, "column": 66 }
      },
      "90": {
        "start": { "line": 91, "column": 0 },
        "end": { "line": 91, "column": 43 }
      },
      "91": {
        "start": { "line": 92, "column": 0 },
        "end": { "line": 92, "column": 7 }
      },
      "92": {
        "start": { "line": 93, "column": 0 },
        "end": { "line": 93, "column": 0 }
      },
      "93": {
        "start": { "line": 94, "column": 0 },
        "end": { "line": 94, "column": 18 }
      },
      "94": {
        "start": { "line": 95, "column": 0 },
        "end": { "line": 95, "column": 3 }
      },
      "95": {
        "start": { "line": 96, "column": 0 },
        "end": { "line": 96, "column": 0 }
      },
      "96": {
        "start": { "line": 97, "column": 0 },
        "end": { "line": 97, "column": 32 }
      },
      "97": {
        "start": { "line": 98, "column": 0 },
        "end": { "line": 98, "column": 71 }
      },
      "98": {
        "start": { "line": 99, "column": 0 },
        "end": { "line": 99, "column": 0 }
      },
      "99": {
        "start": { "line": 100, "column": 0 },
        "end": { "line": 100, "column": 41 }
      },
      "100": {
        "start": { "line": 101, "column": 0 },
        "end": { "line": 101, "column": 38 }
      },
      "101": {
        "start": { "line": 102, "column": 0 },
        "end": { "line": 102, "column": 26 }
      },
      "102": {
        "start": { "line": 103, "column": 0 },
        "end": { "line": 103, "column": 0 }
      },
      "103": {
        "start": { "line": 104, "column": 0 },
        "end": { "line": 104, "column": 20 }
      },
      "104": {
        "start": { "line": 105, "column": 0 },
        "end": { "line": 105, "column": 45 }
      },
      "105": {
        "start": { "line": 106, "column": 0 },
        "end": { "line": 106, "column": 7 }
      },
      "106": {
        "start": { "line": 107, "column": 0 },
        "end": { "line": 107, "column": 3 }
      },
      "107": {
        "start": { "line": 108, "column": 0 },
        "end": { "line": 108, "column": 0 }
      },
      "108": {
        "start": { "line": 109, "column": 0 },
        "end": { "line": 109, "column": 20 }
      },
      "109": {
        "start": { "line": 110, "column": 0 },
        "end": { "line": 110, "column": 23 }
      },
      "110": {
        "start": { "line": 111, "column": 0 },
        "end": { "line": 111, "column": 60 }
      },
      "111": {
        "start": { "line": 112, "column": 0 },
        "end": { "line": 112, "column": 55 }
      },
      "112": {
        "start": { "line": 113, "column": 0 },
        "end": { "line": 113, "column": 58 }
      },
      "113": {
        "start": { "line": 114, "column": 0 },
        "end": { "line": 114, "column": 40 }
      },
      "114": {
        "start": { "line": 115, "column": 0 },
        "end": { "line": 115, "column": 3 }
      },
      "115": {
        "start": { "line": 116, "column": 0 },
        "end": { "line": 116, "column": 0 }
      },
      "116": {
        "start": { "line": 117, "column": 0 },
        "end": { "line": 117, "column": 33 }
      },
      "117": {
        "start": { "line": 118, "column": 0 },
        "end": { "line": 118, "column": 26 }
      },
      "118": {
        "start": { "line": 119, "column": 0 },
        "end": { "line": 119, "column": 31 }
      },
      "119": {
        "start": { "line": 120, "column": 0 },
        "end": { "line": 120, "column": 38 }
      },
      "120": {
        "start": { "line": 121, "column": 0 },
        "end": { "line": 121, "column": 56 }
      },
      "121": {
        "start": { "line": 122, "column": 0 },
        "end": { "line": 122, "column": 3 }
      },
      "122": {
        "start": { "line": 123, "column": 0 },
        "end": { "line": 123, "column": 0 }
      },
      "123": {
        "start": { "line": 124, "column": 0 },
        "end": { "line": 124, "column": 33 }
      },
      "124": {
        "start": { "line": 125, "column": 0 },
        "end": { "line": 125, "column": 33 }
      },
      "125": {
        "start": { "line": 126, "column": 0 },
        "end": { "line": 126, "column": 3 }
      },
      "126": {
        "start": { "line": 127, "column": 0 },
        "end": { "line": 127, "column": 0 }
      },
      "127": {
        "start": { "line": 128, "column": 0 },
        "end": { "line": 128, "column": 18 }
      },
      "128": {
        "start": { "line": 129, "column": 0 },
        "end": { "line": 129, "column": 34 }
      },
      "129": {
        "start": { "line": 130, "column": 0 },
        "end": { "line": 130, "column": 3 }
      },
      "130": {
        "start": { "line": 131, "column": 0 },
        "end": { "line": 131, "column": 0 }
      },
      "131": {
        "start": { "line": 132, "column": 0 },
        "end": { "line": 132, "column": 53 }
      },
      "132": {
        "start": { "line": 133, "column": 0 },
        "end": { "line": 133, "column": 33 }
      },
      "133": {
        "start": { "line": 134, "column": 0 },
        "end": { "line": 134, "column": 65 }
      },
      "134": {
        "start": { "line": 135, "column": 0 },
        "end": { "line": 135, "column": 3 }
      },
      "135": {
        "start": { "line": 136, "column": 0 },
        "end": { "line": 136, "column": 0 }
      },
      "136": {
        "start": { "line": 137, "column": 0 },
        "end": { "line": 137, "column": 21 }
      },
      "137": {
        "start": { "line": 138, "column": 0 },
        "end": { "line": 138, "column": 57 }
      },
      "138": {
        "start": { "line": 139, "column": 0 },
        "end": { "line": 139, "column": 0 }
      },
      "139": {
        "start": { "line": 140, "column": 0 },
        "end": { "line": 140, "column": 54 }
      },
      "140": {
        "start": { "line": 141, "column": 0 },
        "end": { "line": 141, "column": 39 }
      },
      "141": {
        "start": { "line": 142, "column": 0 },
        "end": { "line": 142, "column": 37 }
      },
      "142": {
        "start": { "line": 143, "column": 0 },
        "end": { "line": 143, "column": 48 }
      },
      "143": {
        "start": { "line": 144, "column": 0 },
        "end": { "line": 144, "column": 47 }
      },
      "144": {
        "start": { "line": 145, "column": 0 },
        "end": { "line": 145, "column": 10 }
      },
      "145": {
        "start": { "line": 146, "column": 0 },
        "end": { "line": 146, "column": 41 }
      },
      "146": {
        "start": { "line": 147, "column": 0 },
        "end": { "line": 147, "column": 62 }
      },
      "147": {
        "start": { "line": 148, "column": 0 },
        "end": { "line": 148, "column": 40 }
      },
      "148": {
        "start": { "line": 149, "column": 0 },
        "end": { "line": 149, "column": 24 }
      },
      "149": {
        "start": { "line": 150, "column": 0 },
        "end": { "line": 150, "column": 14 }
      },
      "150": {
        "start": { "line": 151, "column": 0 },
        "end": { "line": 151, "column": 46 }
      },
      "151": {
        "start": { "line": 152, "column": 0 },
        "end": { "line": 152, "column": 7 }
      },
      "152": {
        "start": { "line": 153, "column": 0 },
        "end": { "line": 153, "column": 5 }
      },
      "153": {
        "start": { "line": 154, "column": 0 },
        "end": { "line": 154, "column": 0 }
      },
      "154": {
        "start": { "line": 155, "column": 0 },
        "end": { "line": 155, "column": 36 }
      },
      "155": {
        "start": { "line": 156, "column": 0 },
        "end": { "line": 156, "column": 32 }
      },
      "156": {
        "start": { "line": 157, "column": 0 },
        "end": { "line": 157, "column": 3 }
      },
      "157": {
        "start": { "line": 158, "column": 0 },
        "end": { "line": 158, "column": 0 }
      },
      "158": {
        "start": { "line": 159, "column": 0 },
        "end": { "line": 159, "column": 32 }
      },
      "159": {
        "start": { "line": 160, "column": 0 },
        "end": { "line": 160, "column": 46 }
      },
      "160": {
        "start": { "line": 161, "column": 0 },
        "end": { "line": 161, "column": 3 }
      },
      "161": {
        "start": { "line": 162, "column": 0 },
        "end": { "line": 162, "column": 1 }
      }
    },
    "s": {
      "0": 1,
      "1": 1,
      "2": 1,
      "3": 1,
      "4": 1,
      "5": 1,
      "6": 1,
      "7": 1,
      "8": 1,
      "9": 1,
      "10": 2,
      "11": 2,
      "12": 2,
      "13": 2,
      "14": 2,
      "15": 2,
      "16": 2,
      "17": 2,
      "18": 2,
      "19": 1,
      "20": 1,
      "21": 2,
      "22": 2,
      "23": 2,
      "24": 2,
      "25": 2,
      "26": 2,
      "27": 2,
      "28": 2,
      "29": 2,
      "30": 2,
      "31": 2,
      "32": 1,
      "33": 1,
      "34": 2,
      "35": 2,
      "36": 2,
      "37": 2,
      "38": 2,
      "39": 2,
      "40": 2,
      "41": 2,
      "42": 2,
      "43": 1,
      "44": 1,
      "45": 1,
      "46": 1,
      "47": 1,
      "48": 1,
      "49": 1,
      "50": 1,
      "51": 1,
      "52": 1,
      "53": 1,
      "54": 1,
      "55": 1,
      "56": 1,
      "57": 1,
      "58": 0,
      "59": 1,
      "60": 1,
      "61": 1,
      "62": 1,
      "63": 1,
      "64": 1,
      "65": 1,
      "66": 1,
      "67": 1,
      "68": 0,
      "69": 0,
      "70": 0,
      "71": 0,
      "72": 0,
      "73": 0,
      "74": 1,
      "75": 1,
      "76": 0,
      "77": 0,
      "78": 0,
      "79": 1,
      "80": 1,
      "81": 0,
      "82": 0,
      "83": 0,
      "84": 0,
      "85": 0,
      "86": 0,
      "87": 0,
      "88": 0,
      "89": 0,
      "90": 0,
      "91": 0,
      "92": 0,
      "93": 0,
      "94": 0,
      "95": 1,
      "96": 1,
      "97": 0,
      "98": 0,
      "99": 0,
      "100": 0,
      "101": 0,
      "102": 0,
      "103": 0,
      "104": 0,
      "105": 0,
      "106": 0,
      "107": 1,
      "108": 1,
      "109": 0,
      "110": 0,
      "111": 0,
      "112": 0,
      "113": 0,
      "114": 0,
      "115": 1,
      "116": 1,
      "117": 0,
      "118": 0,
      "119": 0,
      "120": 0,
      "121": 0,
      "122": 1,
      "123": 1,
      "124": 0,
      "125": 0,
      "126": 1,
      "127": 1,
      "128": 0,
      "129": 0,
      "130": 1,
      "131": 1,
      "132": 0,
      "133": 0,
      "134": 0,
      "135": 1,
      "136": 1,
      "137": 0,
      "138": 0,
      "139": 0,
      "140": 0,
      "141": 0,
      "142": 0,
      "143": 0,
      "144": 0,
      "145": 0,
      "146": 0,
      "147": 0,
      "148": 0,
      "149": 0,
      "150": 0,
      "151": 0,
      "152": 0,
      "153": 0,
      "154": 0,
      "155": 0,
      "156": 0,
      "157": 1,
      "158": 1,
      "159": 0,
      "160": 0,
      "161": 2
    },
    "branchMap": {
      "0": {
        "type": "branch",
        "line": 10,
        "loc": {
          "start": { "line": 10, "column": 2 },
          "end": { "line": 19, "column": 37 }
        },
        "locations": [
          {
            "start": { "line": 10, "column": 2 },
            "end": { "line": 19, "column": 37 }
          }
        ]
      },
      "1": {
        "type": "branch",
        "line": 21,
        "loc": {
          "start": { "line": 21, "column": 2 },
          "end": { "line": 32, "column": 3 }
        },
        "locations": [
          {
            "start": { "line": 21, "column": 2 },
            "end": { "line": 32, "column": 3 }
          }
        ]
      },
      "2": {
        "type": "branch",
        "line": 34,
        "loc": {
          "start": { "line": 34, "column": 2 },
          "end": { "line": 43, "column": 3 }
        },
        "locations": [
          {
            "start": { "line": 34, "column": 2 },
            "end": { "line": 43, "column": 3 }
          }
        ]
      },
      "3": {
        "type": "branch",
        "line": 45,
        "loc": {
          "start": { "line": 45, "column": 2 },
          "end": { "line": 50, "column": 3 }
        },
        "locations": [
          {
            "start": { "line": 45, "column": 2 },
            "end": { "line": 50, "column": 3 }
          }
        ]
      },
      "4": {
        "type": "branch",
        "line": 52,
        "loc": {
          "start": { "line": 52, "column": 2 },
          "end": { "line": 66, "column": 3 }
        },
        "locations": [
          {
            "start": { "line": 52, "column": 2 },
            "end": { "line": 66, "column": 3 }
          }
        ]
      },
      "5": {
        "type": "branch",
        "line": 53,
        "loc": {
          "start": { "line": 53, "column": 29 },
          "end": { "line": 53, "column": 36 }
        },
        "locations": [
          {
            "start": { "line": 53, "column": 29 },
            "end": { "line": 53, "column": 36 }
          }
        ]
      },
      "6": {
        "type": "branch",
        "line": 58,
        "loc": {
          "start": { "line": 58, "column": 24 },
          "end": { "line": 60, "column": 11 }
        },
        "locations": [
          {
            "start": { "line": 58, "column": 24 },
            "end": { "line": 60, "column": 11 }
          }
        ]
      },
      "7": {
        "type": "branch",
        "line": 162,
        "loc": {
          "start": { "line": 162, "column": 0 },
          "end": { "line": 162, "column": 1 }
        },
        "locations": [
          {
            "start": { "line": 162, "column": 0 },
            "end": { "line": 162, "column": 1 }
          }
        ]
      }
    },
    "b": {
      "0": [2],
      "1": [2],
      "2": [2],
      "3": [1],
      "4": [1],
      "5": [0],
      "6": [0],
      "7": [2]
    },
    "fnMap": {
      "0": {
        "name": "<instance_members_initializer>",
        "decl": {
          "start": { "line": 10, "column": 2 },
          "end": { "line": 19, "column": 37 }
        },
        "loc": {
          "start": { "line": 10, "column": 2 },
          "end": { "line": 19, "column": 37 }
        },
        "line": 10
      },
      "1": {
        "name": "Game",
        "decl": {
          "start": { "line": 21, "column": 2 },
          "end": { "line": 32, "column": 3 }
        },
        "loc": {
          "start": { "line": 21, "column": 2 },
          "end": { "line": 32, "column": 3 }
        },
        "line": 21
      },
      "2": {
        "name": "Game.bindResize",
        "decl": {
          "start": { "line": 29, "column": 22 },
          "end": { "line": 29, "column": 42 }
        },
        "loc": {
          "start": { "line": 29, "column": 22 },
          "end": { "line": 29, "column": 42 }
        },
        "line": 29
      },
      "3": {
        "name": "Game.bindDragEnd",
        "decl": {
          "start": { "line": 30, "column": 23 },
          "end": { "line": 30, "column": 46 }
        },
        "loc": {
          "start": { "line": 30, "column": 23 },
          "end": { "line": 30, "column": 46 }
        },
        "line": 30
      },
      "4": {
        "name": "Game.bindDragMove",
        "decl": {
          "start": { "line": 31, "column": 24 },
          "end": { "line": 31, "column": 58 }
        },
        "loc": {
          "start": { "line": 31, "column": 24 },
          "end": { "line": 31, "column": 58 }
        },
        "line": 31
      },
      "5": {
        "name": "setPixiApp",
        "decl": {
          "start": { "line": 34, "column": 2 },
          "end": { "line": 43, "column": 3 }
        },
        "loc": {
          "start": { "line": 34, "column": 2 },
          "end": { "line": 43, "column": 3 }
        },
        "line": 34
      },
      "6": {
        "name": "setResizeElement",
        "decl": {
          "start": { "line": 45, "column": 2 },
          "end": { "line": 50, "column": 3 }
        },
        "loc": {
          "start": { "line": 45, "column": 2 },
          "end": { "line": 50, "column": 3 }
        },
        "line": 45
      },
      "7": {
        "name": "resize",
        "decl": {
          "start": { "line": 52, "column": 2 },
          "end": { "line": 66, "column": 3 }
        },
        "loc": {
          "start": { "line": 52, "column": 2 },
          "end": { "line": 66, "column": 3 }
        },
        "line": 52
      },
      "8": {
        "name": "init",
        "decl": {
          "start": { "line": 68, "column": 2 },
          "end": { "line": 74, "column": 3 }
        },
        "loc": {
          "start": { "line": 68, "column": 2 },
          "end": { "line": 74, "column": 3 }
        },
        "line": 68
      },
      "9": {
        "name": "addStageInteractions",
        "decl": {
          "start": { "line": 76, "column": 2 },
          "end": { "line": 79, "column": 3 }
        },
        "loc": {
          "start": { "line": 76, "column": 2 },
          "end": { "line": 79, "column": 3 }
        },
        "line": 76
      },
      "10": {
        "name": "createTiles",
        "decl": {
          "start": { "line": 81, "column": 2 },
          "end": { "line": 95, "column": 3 }
        },
        "loc": {
          "start": { "line": 81, "column": 2 },
          "end": { "line": 95, "column": 3 }
        },
        "line": 81
      },
      "11": {
        "name": "addGems",
        "decl": {
          "start": { "line": 97, "column": 2 },
          "end": { "line": 107, "column": 3 }
        },
        "loc": {
          "start": { "line": 97, "column": 2 },
          "end": { "line": 107, "column": 3 }
        },
        "line": 97
      },
      "12": {
        "name": "randomGem",
        "decl": {
          "start": { "line": 109, "column": 2 },
          "end": { "line": 115, "column": 3 }
        },
        "loc": {
          "start": { "line": 109, "column": 2 },
          "end": { "line": 115, "column": 3 }
        },
        "line": 109
      },
      "13": {
        "name": "pointerDown",
        "decl": {
          "start": { "line": 117, "column": 2 },
          "end": { "line": 122, "column": 3 }
        },
        "loc": {
          "start": { "line": 117, "column": 2 },
          "end": { "line": 122, "column": 3 }
        },
        "line": 117
      },
      "14": {
        "name": "pointerOver",
        "decl": {
          "start": { "line": 124, "column": 2 },
          "end": { "line": 126, "column": 3 }
        },
        "loc": {
          "start": { "line": 124, "column": 2 },
          "end": { "line": 126, "column": 3 }
        },
        "line": 124
      },
      "15": {
        "name": "update",
        "decl": {
          "start": { "line": 128, "column": 2 },
          "end": { "line": 130, "column": 3 }
        },
        "loc": {
          "start": { "line": 128, "column": 2 },
          "end": { "line": 130, "column": 3 }
        },
        "line": 128
      },
      "16": {
        "name": "onDragMove",
        "decl": {
          "start": { "line": 132, "column": 2 },
          "end": { "line": 135, "column": 3 }
        },
        "loc": {
          "start": { "line": 132, "column": 2 },
          "end": { "line": 135, "column": 3 }
        },
        "line": 132
      },
      "17": {
        "name": "onDragEnd",
        "decl": {
          "start": { "line": 137, "column": 2 },
          "end": { "line": 157, "column": 3 }
        },
        "loc": {
          "start": { "line": 137, "column": 2 },
          "end": { "line": 157, "column": 3 }
        },
        "line": 137
      },
      "18": {
        "name": "getView",
        "decl": {
          "start": { "line": 159, "column": 2 },
          "end": { "line": 161, "column": 3 }
        },
        "loc": {
          "start": { "line": 159, "column": 2 },
          "end": { "line": 161, "column": 3 }
        },
        "line": 159
      },
      "19": {
        "name": "get",
        "decl": {
          "start": { "line": 162, "column": 0 },
          "end": { "line": 162, "column": 1 }
        },
        "loc": {
          "start": { "line": 162, "column": 0 },
          "end": { "line": 162, "column": 1 }
        },
        "line": 162
      }
    },
    "f": {
      "0": 2,
      "1": 2,
      "2": 0,
      "3": 0,
      "4": 0,
      "5": 2,
      "6": 1,
      "7": 1,
      "8": 0,
      "9": 0,
      "10": 0,
      "11": 0,
      "12": 0,
      "13": 0,
      "14": 0,
      "15": 0,
      "16": 0,
      "17": 0,
      "18": 0,
      "19": 2
    }
  },
  "/Users/km/dev/prv/mini-dev/sandcrusher-web/src/lib/tile.ts": {
    "path": "/Users/km/dev/prv/mini-dev/sandcrusher-web/src/lib/tile.ts",
    "all": false,
    "statementMap": {
      "0": {
        "start": { "line": 1, "column": 0 },
        "end": { "line": 1, "column": 32 }
      },
      "1": {
        "start": { "line": 2, "column": 0 },
        "end": { "line": 2, "column": 38 }
      },
      "2": {
        "start": { "line": 3, "column": 0 },
        "end": { "line": 3, "column": 28 }
      },
      "3": {
        "start": { "line": 4, "column": 0 },
        "end": { "line": 4, "column": 0 }
      },
      "4": {
        "start": { "line": 5, "column": 0 },
        "end": { "line": 5, "column": 19 }
      },
      "5": {
        "start": { "line": 6, "column": 0 },
        "end": { "line": 6, "column": 13 }
      },
      "6": {
        "start": { "line": 7, "column": 0 },
        "end": { "line": 7, "column": 22 }
      },
      "7": {
        "start": { "line": 8, "column": 0 },
        "end": { "line": 8, "column": 20 }
      },
      "8": {
        "start": { "line": 9, "column": 0 },
        "end": { "line": 9, "column": 21 }
      },
      "9": {
        "start": { "line": 10, "column": 0 },
        "end": { "line": 10, "column": 41 }
      },
      "10": {
        "start": { "line": 11, "column": 0 },
        "end": { "line": 11, "column": 30 }
      },
      "11": {
        "start": { "line": 12, "column": 0 },
        "end": { "line": 12, "column": 29 }
      },
      "12": {
        "start": { "line": 13, "column": 0 },
        "end": { "line": 13, "column": 23 }
      },
      "13": {
        "start": { "line": 14, "column": 0 },
        "end": { "line": 14, "column": 0 }
      },
      "14": {
        "start": { "line": 15, "column": 0 },
        "end": { "line": 15, "column": 50 }
      },
      "15": {
        "start": { "line": 16, "column": 0 },
        "end": { "line": 16, "column": 17 }
      },
      "16": {
        "start": { "line": 17, "column": 0 },
        "end": { "line": 17, "column": 45 }
      },
      "17": {
        "start": { "line": 18, "column": 0 },
        "end": { "line": 18, "column": 25 }
      },
      "18": {
        "start": { "line": 19, "column": 0 },
        "end": { "line": 19, "column": 26 }
      },
      "19": {
        "start": { "line": 20, "column": 0 },
        "end": { "line": 20, "column": 53 }
      },
      "20": {
        "start": { "line": 21, "column": 0 },
        "end": { "line": 21, "column": 54 }
      },
      "21": {
        "start": { "line": 22, "column": 0 },
        "end": { "line": 22, "column": 52 }
      },
      "22": {
        "start": { "line": 23, "column": 0 },
        "end": { "line": 23, "column": 56 }
      },
      "23": {
        "start": { "line": 24, "column": 0 },
        "end": { "line": 24, "column": 54 }
      },
      "24": {
        "start": { "line": 25, "column": 0 },
        "end": { "line": 25, "column": 25 }
      },
      "25": {
        "start": { "line": 26, "column": 0 },
        "end": { "line": 26, "column": 3 }
      },
      "26": {
        "start": { "line": 27, "column": 0 },
        "end": { "line": 27, "column": 0 }
      },
      "27": {
        "start": { "line": 28, "column": 0 },
        "end": { "line": 28, "column": 52 }
      },
      "28": {
        "start": { "line": 29, "column": 0 },
        "end": { "line": 29, "column": 44 }
      },
      "29": {
        "start": { "line": 30, "column": 0 },
        "end": { "line": 30, "column": 27 }
      },
      "30": {
        "start": { "line": 31, "column": 0 },
        "end": { "line": 31, "column": 23 }
      },
      "31": {
        "start": { "line": 32, "column": 0 },
        "end": { "line": 32, "column": 30 }
      },
      "32": {
        "start": { "line": 33, "column": 0 },
        "end": { "line": 33, "column": 18 }
      },
      "33": {
        "start": { "line": 34, "column": 0 },
        "end": { "line": 34, "column": 3 }
      },
      "34": {
        "start": { "line": 35, "column": 0 },
        "end": { "line": 35, "column": 0 }
      },
      "35": {
        "start": { "line": 36, "column": 0 },
        "end": { "line": 36, "column": 26 }
      },
      "36": {
        "start": { "line": 37, "column": 0 },
        "end": { "line": 37, "column": 19 }
      },
      "37": {
        "start": { "line": 38, "column": 0 },
        "end": { "line": 38, "column": 58 }
      },
      "38": {
        "start": { "line": 39, "column": 0 },
        "end": { "line": 39, "column": 52 }
      },
      "39": {
        "start": { "line": 40, "column": 0 },
        "end": { "line": 40, "column": 3 }
      },
      "40": {
        "start": { "line": 41, "column": 0 },
        "end": { "line": 41, "column": 0 }
      },
      "41": {
        "start": { "line": 42, "column": 0 },
        "end": { "line": 42, "column": 21 }
      },
      "42": {
        "start": { "line": 43, "column": 0 },
        "end": { "line": 43, "column": 25 }
      },
      "43": {
        "start": { "line": 44, "column": 0 },
        "end": { "line": 44, "column": 3 }
      },
      "44": {
        "start": { "line": 45, "column": 0 },
        "end": { "line": 45, "column": 0 }
      },
      "45": {
        "start": { "line": 46, "column": 0 },
        "end": { "line": 46, "column": 16 }
      },
      "46": {
        "start": { "line": 47, "column": 0 },
        "end": { "line": 47, "column": 26 }
      },
      "47": {
        "start": { "line": 48, "column": 0 },
        "end": { "line": 48, "column": 38 }
      },
      "48": {
        "start": { "line": 49, "column": 0 },
        "end": { "line": 49, "column": 34 }
      },
      "49": {
        "start": { "line": 50, "column": 0 },
        "end": { "line": 50, "column": 0 }
      },
      "50": {
        "start": { "line": 51, "column": 0 },
        "end": { "line": 51, "column": 19 }
      },
      "51": {
        "start": { "line": 52, "column": 0 },
        "end": { "line": 52, "column": 46 }
      },
      "52": {
        "start": { "line": 53, "column": 0 },
        "end": { "line": 53, "column": 19 }
      },
      "53": {
        "start": { "line": 54, "column": 0 },
        "end": { "line": 54, "column": 15 }
      },
      "54": {
        "start": { "line": 55, "column": 0 },
        "end": { "line": 55, "column": 3 }
      },
      "55": {
        "start": { "line": 56, "column": 0 },
        "end": { "line": 56, "column": 0 }
      },
      "56": {
        "start": { "line": 57, "column": 0 },
        "end": { "line": 57, "column": 25 }
      },
      "57": {
        "start": { "line": 58, "column": 0 },
        "end": { "line": 58, "column": 27 }
      },
      "58": {
        "start": { "line": 59, "column": 0 },
        "end": { "line": 59, "column": 19 }
      },
      "59": {
        "start": { "line": 60, "column": 0 },
        "end": { "line": 60, "column": 41 }
      },
      "60": {
        "start": { "line": 61, "column": 0 },
        "end": { "line": 61, "column": 42 }
      },
      "61": {
        "start": { "line": 62, "column": 0 },
        "end": { "line": 62, "column": 15 }
      },
      "62": {
        "start": { "line": 63, "column": 0 },
        "end": { "line": 63, "column": 15 }
      },
      "63": {
        "start": { "line": 64, "column": 0 },
        "end": { "line": 64, "column": 3 }
      },
      "64": {
        "start": { "line": 65, "column": 0 },
        "end": { "line": 65, "column": 0 }
      },
      "65": {
        "start": { "line": 66, "column": 0 },
        "end": { "line": 66, "column": 24 }
      },
      "66": {
        "start": { "line": 67, "column": 0 },
        "end": { "line": 67, "column": 27 }
      },
      "67": {
        "start": { "line": 68, "column": 0 },
        "end": { "line": 68, "column": 19 }
      },
      "68": {
        "start": { "line": 69, "column": 0 },
        "end": { "line": 69, "column": 41 }
      },
      "69": {
        "start": { "line": 70, "column": 0 },
        "end": { "line": 70, "column": 42 }
      },
      "70": {
        "start": { "line": 71, "column": 0 },
        "end": { "line": 71, "column": 15 }
      },
      "71": {
        "start": { "line": 72, "column": 0 },
        "end": { "line": 72, "column": 3 }
      },
      "72": {
        "start": { "line": 73, "column": 0 },
        "end": { "line": 73, "column": 0 }
      },
      "73": {
        "start": { "line": 74, "column": 0 },
        "end": { "line": 74, "column": 33 }
      },
      "74": {
        "start": { "line": 75, "column": 0 },
        "end": { "line": 75, "column": 33 }
      },
      "75": {
        "start": { "line": 76, "column": 0 },
        "end": { "line": 76, "column": 58 }
      },
      "76": {
        "start": { "line": 77, "column": 0 },
        "end": { "line": 77, "column": 3 }
      },
      "77": {
        "start": { "line": 78, "column": 0 },
        "end": { "line": 78, "column": 0 }
      },
      "78": {
        "start": { "line": 79, "column": 0 },
        "end": { "line": 79, "column": 43 }
      },
      "79": {
        "start": { "line": 80, "column": 0 },
        "end": { "line": 80, "column": 35 }
      },
      "80": {
        "start": { "line": 81, "column": 0 },
        "end": { "line": 81, "column": 53 }
      },
      "81": {
        "start": { "line": 82, "column": 0 },
        "end": { "line": 82, "column": 3 }
      },
      "82": {
        "start": { "line": 83, "column": 0 },
        "end": { "line": 83, "column": 1 }
      }
    },
    "s": {
      "0": 1,
      "1": 1,
      "2": 1,
      "3": 1,
      "4": 1,
      "5": 1,
      "6": 400,
      "7": 400,
      "8": 400,
      "9": 400,
      "10": 400,
      "11": 400,
      "12": 400,
      "13": 1,
      "14": 1,
      "15": 400,
      "16": 400,
      "17": 400,
      "18": 400,
      "19": 400,
      "20": 400,
      "21": 400,
      "22": 400,
      "23": 400,
      "24": 400,
      "25": 400,
      "26": 1,
      "27": 1,
      "28": 400,
      "29": 400,
      "30": 400,
      "31": 400,
      "32": 400,
      "33": 400,
      "34": 1,
      "35": 1,
      "36": 16,
      "37": 16,
      "38": 16,
      "39": 16,
      "40": 1,
      "41": 1,
      "42": 0,
      "43": 0,
      "44": 1,
      "45": 1,
      "46": 0,
      "47": 0,
      "48": 0,
      "49": 0,
      "50": 0,
      "51": 0,
      "52": 0,
      "53": 0,
      "54": 0,
      "55": 1,
      "56": 1,
      "57": 0,
      "58": 0,
      "59": 0,
      "60": 0,
      "61": 0,
      "62": 0,
      "63": 0,
      "64": 1,
      "65": 1,
      "66": 0,
      "67": 0,
      "68": 0,
      "69": 0,
      "70": 0,
      "71": 0,
      "72": 1,
      "73": 1,
      "74": 100,
      "75": 100,
      "76": 100,
      "77": 1,
      "78": 1,
      "79": 100,
      "80": 100,
      "81": 100,
      "82": 401
    },
    "branchMap": {
      "0": {
        "type": "branch",
        "line": 6,
        "loc": {
          "start": { "line": 6, "column": 2 },
          "end": { "line": 13, "column": 23 }
        },
        "locations": [
          {
            "start": { "line": 6, "column": 2 },
            "end": { "line": 13, "column": 23 }
          }
        ]
      },
      "1": {
        "type": "branch",
        "line": 15,
        "loc": {
          "start": { "line": 15, "column": 2 },
          "end": { "line": 26, "column": 3 }
        },
        "locations": [
          {
            "start": { "line": 15, "column": 2 },
            "end": { "line": 26, "column": 3 }
          }
        ]
      },
      "2": {
        "type": "branch",
        "line": 28,
        "loc": {
          "start": { "line": 28, "column": 2 },
          "end": { "line": 34, "column": 3 }
        },
        "locations": [
          {
            "start": { "line": 28, "column": 2 },
            "end": { "line": 34, "column": 3 }
          }
        ]
      },
      "3": {
        "type": "branch",
        "line": 36,
        "loc": {
          "start": { "line": 36, "column": 2 },
          "end": { "line": 40, "column": 3 }
        },
        "locations": [
          {
            "start": { "line": 36, "column": 2 },
            "end": { "line": 40, "column": 3 }
          }
        ]
      },
      "4": {
        "type": "branch",
        "line": 74,
        "loc": {
          "start": { "line": 74, "column": 2 },
          "end": { "line": 77, "column": 3 }
        },
        "locations": [
          {
            "start": { "line": 74, "column": 2 },
            "end": { "line": 77, "column": 3 }
          }
        ]
      },
      "5": {
        "type": "branch",
        "line": 76,
        "loc": {
          "start": { "line": 76, "column": 18 },
          "end": { "line": 76, "column": 58 }
        },
        "locations": [
          {
            "start": { "line": 76, "column": 18 },
            "end": { "line": 76, "column": 58 }
          }
        ]
      },
      "6": {
        "type": "branch",
        "line": 79,
        "loc": {
          "start": { "line": 79, "column": 2 },
          "end": { "line": 82, "column": 3 }
        },
        "locations": [
          {
            "start": { "line": 79, "column": 2 },
            "end": { "line": 82, "column": 3 }
          }
        ]
      },
      "7": {
        "type": "branch",
        "line": 81,
        "loc": {
          "start": { "line": 81, "column": 18 },
          "end": { "line": 81, "column": 53 }
        },
        "locations": [
          {
            "start": { "line": 81, "column": 18 },
            "end": { "line": 81, "column": 53 }
          }
        ]
      },
      "8": {
        "type": "branch",
        "line": 83,
        "loc": {
          "start": { "line": 83, "column": 0 },
          "end": { "line": 83, "column": 1 }
        },
        "locations": [
          {
            "start": { "line": 83, "column": 0 },
            "end": { "line": 83, "column": 1 }
          }
        ]
      }
    },
    "b": {
      "0": [400],
      "1": [400],
      "2": [400],
      "3": [16],
      "4": [100],
      "5": [0],
      "6": [100],
      "7": [0],
      "8": [401]
    },
    "fnMap": {
      "0": {
        "name": "<instance_members_initializer>",
        "decl": {
          "start": { "line": 6, "column": 2 },
          "end": { "line": 13, "column": 23 }
        },
        "loc": {
          "start": { "line": 6, "column": 2 },
          "end": { "line": 13, "column": 23 }
        },
        "line": 6
      },
      "1": {
        "name": "Tile",
        "decl": {
          "start": { "line": 15, "column": 2 },
          "end": { "line": 26, "column": 3 }
        },
        "loc": {
          "start": { "line": 15, "column": 2 },
          "end": { "line": 26, "column": 3 }
        },
        "line": 15
      },
      "2": {
        "name": "Tile.bindPointerOver",
        "decl": {
          "start": { "line": 21, "column": 27 },
          "end": { "line": 21, "column": 54 }
        },
        "loc": {
          "start": { "line": 21, "column": 27 },
          "end": { "line": 21, "column": 54 }
        },
        "line": 21
      },
      "3": {
        "name": "Tile.bindPointerOut",
        "decl": {
          "start": { "line": 22, "column": 26 },
          "end": { "line": 22, "column": 52 }
        },
        "loc": {
          "start": { "line": 22, "column": 26 },
          "end": { "line": 22, "column": 52 }
        },
        "line": 22
      },
      "4": {
        "name": "createSprite",
        "decl": {
          "start": { "line": 28, "column": 2 },
          "end": { "line": 34, "column": 3 }
        },
        "loc": {
          "start": { "line": 28, "column": 2 },
          "end": { "line": 34, "column": 3 }
        },
        "line": 28
      },
      "5": {
        "name": "addGem",
        "decl": {
          "start": { "line": 36, "column": 2 },
          "end": { "line": 40, "column": 3 }
        },
        "loc": {
          "start": { "line": 36, "column": 2 },
          "end": { "line": 40, "column": 3 }
        },
        "line": 36
      },
      "6": {
        "name": "removeGem",
        "decl": {
          "start": { "line": 42, "column": 2 },
          "end": { "line": 44, "column": 3 }
        },
        "loc": {
          "start": { "line": 42, "column": 2 },
          "end": { "line": 44, "column": 3 }
        },
        "line": 42
      },
      "7": {
        "name": "show",
        "decl": {
          "start": { "line": 46, "column": 2 },
          "end": { "line": 55, "column": 3 }
        },
        "loc": {
          "start": { "line": 46, "column": 2 },
          "end": { "line": 55, "column": 3 }
        },
        "line": 46
      },
      "8": {
        "name": "onPointerOver",
        "decl": {
          "start": { "line": 57, "column": 2 },
          "end": { "line": 64, "column": 3 }
        },
        "loc": {
          "start": { "line": 57, "column": 2 },
          "end": { "line": 64, "column": 3 }
        },
        "line": 57
      },
      "9": {
        "name": "onPointerOut",
        "decl": {
          "start": { "line": 66, "column": 2 },
          "end": { "line": 72, "column": 3 }
        },
        "loc": {
          "start": { "line": 66, "column": 2 },
          "end": { "line": 72, "column": 3 }
        },
        "line": 66
      },
      "10": {
        "name": "setScale",
        "decl": {
          "start": { "line": 74, "column": 2 },
          "end": { "line": 77, "column": 3 }
        },
        "loc": {
          "start": { "line": 74, "column": 2 },
          "end": { "line": 77, "column": 3 }
        },
        "line": 74
      },
      "11": {
        "name": "setPosition",
        "decl": {
          "start": { "line": 79, "column": 2 },
          "end": { "line": 82, "column": 3 }
        },
        "loc": {
          "start": { "line": 79, "column": 2 },
          "end": { "line": 82, "column": 3 }
        },
        "line": 79
      },
      "12": {
        "name": "get",
        "decl": {
          "start": { "line": 83, "column": 0 },
          "end": { "line": 83, "column": 1 }
        },
        "loc": {
          "start": { "line": 83, "column": 0 },
          "end": { "line": 83, "column": 1 }
        },
        "line": 83
      }
    },
    "f": {
      "0": 400,
      "1": 400,
      "2": 0,
      "3": 0,
      "4": 400,
      "5": 16,
      "6": 0,
      "7": 0,
      "8": 0,
      "9": 0,
      "10": 100,
      "11": 100,
      "12": 401
    }
  },
  "/Users/km/dev/prv/mini-dev/sandcrusher-web/src/lib/utils.ts": {
    "path": "/Users/km/dev/prv/mini-dev/sandcrusher-web/src/lib/utils.ts",
    "all": false,
    "statementMap": {
      "0": {
        "start": { "line": 1, "column": 0 },
        "end": { "line": 1, "column": 50 }
      },
      "1": {
        "start": { "line": 2, "column": 0 },
        "end": { "line": 2, "column": 71 }
      },
      "2": {
        "start": { "line": 3, "column": 0 },
        "end": { "line": 3, "column": 2 }
      },
      "3": {
        "start": { "line": 4, "column": 0 },
        "end": { "line": 4, "column": 0 }
      },
      "4": {
        "start": { "line": 5, "column": 0 },
        "end": { "line": 5, "column": 67 }
      },
      "5": {
        "start": { "line": 6, "column": 0 },
        "end": { "line": 6, "column": 68 }
      },
      "6": {
        "start": { "line": 7, "column": 0 },
        "end": { "line": 7, "column": 2 }
      }
    },
    "s": { "0": 1, "1": 2, "2": 2, "3": 1, "4": 1, "5": 2, "6": 2 },
    "branchMap": {
      "0": {
        "type": "branch",
        "line": 1,
        "loc": {
          "start": { "line": 1, "column": 49 },
          "end": { "line": 3, "column": 2 }
        },
        "locations": [
          {
            "start": { "line": 1, "column": 49 },
            "end": { "line": 3, "column": 2 }
          }
        ]
      },
      "1": {
        "type": "branch",
        "line": 2,
        "loc": {
          "start": { "line": 2, "column": 27 },
          "end": { "line": 2, "column": 69 }
        },
        "locations": [
          {
            "start": { "line": 2, "column": 27 },
            "end": { "line": 2, "column": 69 }
          }
        ]
      },
      "2": {
        "type": "branch",
        "line": 3,
        "loc": {
          "start": { "line": 3, "column": 0 },
          "end": { "line": 3, "column": 2 }
        },
        "locations": [
          {
            "start": { "line": 3, "column": 0 },
            "end": { "line": 3, "column": 2 }
          }
        ]
      },
      "3": {
        "type": "branch",
        "line": 5,
        "loc": {
          "start": { "line": 5, "column": 27 },
          "end": { "line": 7, "column": 2 }
        },
        "locations": [
          {
            "start": { "line": 5, "column": 27 },
            "end": { "line": 7, "column": 2 }
          }
        ]
      },
      "4": {
        "type": "branch",
        "line": 6,
        "loc": {
          "start": { "line": 6, "column": 25 },
          "end": { "line": 6, "column": 50 }
        },
        "locations": [
          {
            "start": { "line": 6, "column": 25 },
            "end": { "line": 6, "column": 50 }
          }
        ]
      },
      "5": {
        "type": "branch",
        "line": 7,
        "loc": {
          "start": { "line": 7, "column": 0 },
          "end": { "line": 7, "column": 2 }
        },
        "locations": [
          {
            "start": { "line": 7, "column": 0 },
            "end": { "line": 7, "column": 2 }
          }
        ]
      }
    },
    "b": { "0": [2], "1": [2], "2": [2], "3": [2], "4": [42], "5": [2] },
    "fnMap": {
      "0": {
        "name": "timer",
        "decl": {
          "start": { "line": 1, "column": 49 },
          "end": { "line": 3, "column": 2 }
        },
        "loc": {
          "start": { "line": 1, "column": 49 },
          "end": { "line": 3, "column": 2 }
        },
        "line": 1
      },
      "1": {
        "name": "get",
        "decl": {
          "start": { "line": 3, "column": 0 },
          "end": { "line": 3, "column": 2 }
        },
        "loc": {
          "start": { "line": 3, "column": 0 },
          "end": { "line": 3, "column": 2 }
        },
        "line": 3
      },
      "2": {
        "name": "randomItems",
        "decl": {
          "start": { "line": 5, "column": 27 },
          "end": { "line": 7, "column": 2 }
        },
        "loc": {
          "start": { "line": 5, "column": 27 },
          "end": { "line": 7, "column": 2 }
        },
        "line": 5
      },
      "3": {
        "name": "get",
        "decl": {
          "start": { "line": 7, "column": 0 },
          "end": { "line": 7, "column": 2 }
        },
        "loc": {
          "start": { "line": 7, "column": 0 },
          "end": { "line": 7, "column": 2 }
        },
        "line": 7
      }
    },
    "f": { "0": 2, "1": 2, "2": 2, "3": 2 }
  }
}
